#
# There is insufficient memory for the Java Runtime Environment to continue.
# Native memory allocation (mmap) failed to map 65011712 bytes for committing reserved memory.
# Possible reasons:
#   The system is out of physical RAM or swap space
#   In 32 bit mode, the process size limit was hit
# Possible solutions:
#   Reduce memory load on the system
#   Increase physical memory or swap space
#   Check if swap backing store is full
#   Use 64 bit Java on a 64 bit OS
#   Decrease Java heap size (-Xmx/-Xms)
#   Decrease number of Java threads
#   Decrease Java thread stack sizes (-Xss)
#   Set larger code cache with -XX:ReservedCodeCacheSize=
# This output file may be truncated or incomplete.
#
#  Out of Memory Error (os_linux.cpp:2643), pid=11780, tid=0x00007f62b9fee700
#
# JRE version: OpenJDK Runtime Environment (8.0_181-b13) (build 1.8.0_181-8u181-b13-0ubuntu0.18.04.1-b13)
# Java VM: OpenJDK 64-Bit Server VM (25.181-b13 mixed mode linux-amd64 compressed oops)
# Failed to write core dump. Core dumps have been disabled. To enable core dumping, try "ulimit -c unlimited" before starting Java again
#

---------------  T H R E A D  ---------------

Current thread (0x00007f62d0079000):  VMThread [stack: 0x00007f62b9eef000,0x00007f62b9fef000] [id=11789]

Stack: [0x00007f62b9eef000,0x00007f62b9fef000],  sp=0x00007f62b9fed440,  free space=1017k
Native frames: (J=compiled Java code, j=interpreted, Vv=VM code, C=native code)
V  [libjvm.so+0xaaea52]
V  [libjvm.so+0x4d9897]
V  [libjvm.so+0x8e9c50]
V  [libjvm.so+0x8e41ae]
V  [libjvm.so+0x964a06]
V  [libjvm.so+0x95367a]
V  [libjvm.so+0x953848]
V  [libjvm.so+0x954450]
V  [libjvm.so+0x95a7ec]
V  [libjvm.so+0x9628d5]
V  [libjvm.so+0x910f48]
V  [libjvm.so+0xab0712]
V  [libjvm.so+0xab52d6]
V  [libjvm.so+0xab3575]
V  [libjvm.so+0xab3eed]
V  [libjvm.so+0xab42c7]
V  [libjvm.so+0x8e70a2]

VM_Operation (0x00007f62d8dac560): ParallelGCFailedAllocation, mode: safepoint, requested by thread 0x00007f62d000b000


---------------  P R O C E S S  ---------------

Java Threads: ( => current thread )
  0x00007f62d00e3800 JavaThread "Service Thread" daemon [_thread_blocked, id=11796, stack(0x00007f62b8ce7000,0x00007f62b8de8000)]
  0x00007f62d00be800 JavaThread "C1 CompilerThread2" daemon [_thread_blocked, id=11795, stack(0x00007f62b8de9000,0x00007f62b8ee9000)]
  0x00007f62d00bd000 JavaThread "C2 CompilerThread1" daemon [_thread_blocked, id=11794, stack(0x00007f62b8eea000,0x00007f62b8fea000)]
  0x00007f62d00ba000 JavaThread "C2 CompilerThread0" daemon [_thread_blocked, id=11793, stack(0x00007f62b8feb000,0x00007f62b90eb000)]
  0x00007f62d00b8800 JavaThread "Signal Dispatcher" daemon [_thread_blocked, id=11792, stack(0x00007f62b90eb000,0x00007f62b91ec000)]
  0x00007f62d0085000 JavaThread "Finalizer" daemon [_thread_blocked, id=11791, stack(0x00007f62b9cec000,0x00007f62b9ded000)]
  0x00007f62d0080800 JavaThread "Reference Handler" daemon [_thread_blocked, id=11790, stack(0x00007f62b9ded000,0x00007f62b9eee000)]
  0x00007f62d000b000 JavaThread "main" [_thread_blocked, id=11782, stack(0x00007f62d8cae000,0x00007f62d8dae000)]

Other Threads:
=>0x00007f62d0079000 VMThread [stack: 0x00007f62b9eef000,0x00007f62b9fef000] [id=11789]
  0x00007f62d00e6800 WatcherThread [stack: 0x00007f62b8be7000,0x00007f62b8ce7000] [id=11797]

VM state:at safepoint (normal execution)

VM Mutex/Monitor currently owned by a thread:  ([mutex/lock_event])
[0x00007f62d0007280] ExpandHeap_lock - owner thread: 0x00007f62d0079000
[0x00007f62d0007900] Threads_lock - owner thread: 0x00007f62d0079000
[0x00007f62d0007e00] Heap_lock - owner thread: 0x00007f62d000b000

Heap:
 PSYoungGen      total 310272K, used 15638K [0x00000000eb500000, 0x0000000100000000, 0x0000000100000000)
  eden space 281600K, 0% used [0x00000000eb500000,0x00000000eb500000,0x00000000fc800000)
  from space 28672K, 54% used [0x00000000fc800000,0x00000000fd745b78,0x00000000fe400000)
  to   space 28672K, 0% used [0x00000000fe400000,0x00000000fe400000,0x0000000100000000)
 ParOldGen       total 130560K, used 130364K [0x00000000c1e00000, 0x00000000c9d80000, 0x00000000eb500000)
  object space 130560K, 99% used [0x00000000c1e00000,0x00000000c9d4f288,0x00000000c9d80000)
 Metaspace       used 3556K, capacity 4664K, committed 4864K, reserved 1056768K
  class space    used 381K, capacity 424K, committed 512K, reserved 1048576K

Card table byte_map: [0x00007f62d505e000,0x00007f62d5250000] byte_map_base: 0x00007f62d4a4f000

Marking Bits: (ParMarkBitMap*) 0x00007f62d7f481c0
 Begin Bits: [0x00007f62ba0f0000, 0x00007f62bb078000)
 End Bits:   [0x00007f62bb078000, 0x00007f62bc000000)

Polling page: 0x00007f62d8dc9000

CodeCache: size=245760Kb used=2147Kb max_used=2159Kb free=243612Kb
 bounds [0x00007f62c1000000, 0x00007f62c1270000, 0x00007f62d0000000]
 total_blobs=599 nmethods=359 adapters=155
 compilation: enabled

Compilation events (10 events):
Event: 13,493 Thread 0x00007f62d00bd000  355 %     4       utils.structures.OwnSet::equals @ 46 (153 bytes)
Event: 13,505 Thread 0x00007f62d00bd000 nmethod 355% 0x00007f62c1204590 code [0x00007f62c1204740, 0x00007f62c1204c68]
Event: 13,507 Thread 0x00007f62d00ba000  356       4       utils.structures.OwnSet::equals (153 bytes)
Event: 13,514 Thread 0x00007f62d00ba000 nmethod 356 0x00007f62c12165d0 code [0x00007f62c1216780, 0x00007f62c1216c88]
Event: 14,644 Thread 0x00007f62d00bd000  357       4       utils.generators.NFAGenerator::evaluateParentheses (31 bytes)
Event: 14,666 Thread 0x00007f62d00bd000 nmethod 357 0x00007f62c11ee9d0 code [0x00007f62c11eeb40, 0x00007f62c11eeca8]
Event: 14,898 Thread 0x00007f62d00ba000  358       4       utils.generators.NFAGenerator::generateNFAFromOneSymbol (83 bytes)
Event: 15,113 Thread 0x00007f62d00ba000 nmethod 358 0x00007f62c121a850 code [0x00007f62c121ac20, 0x00007f62c121d928]
Event: 15,349 Thread 0x00007f62d00bd000  359       4       java.lang.StringBuilder::insert (9 bytes)
Event: 15,354 Thread 0x00007f62d00bd000 nmethod 359 0x00007f62c1219fd0 code [0x00007f62c121a140, 0x00007f62c121a558]

GC Heap History (10 events):
Event: 13,072 GC heap after
Heap after GC invocations=13 (full 1):
 PSYoungGen      total 314880K, used 15776K [0x00000000eb500000, 0x0000000100000000, 0x0000000100000000)
  eden space 292864K, 0% used [0x00000000eb500000,0x00000000eb500000,0x00000000fd300000)
  from space 22016K, 71% used [0x00000000fea80000,0x00000000ff9e8000,0x0000000100000000)
  to   space 23040K, 0% used [0x00000000fd300000,0x00000000fd300000,0x00000000fe980000)
 ParOldGen       total 83968K, used 67893K [0x00000000c1e00000, 0x00000000c7000000, 0x00000000eb500000)
  object space 83968K, 80% used [0x00000000c1e00000,0x00000000c604d490,0x00000000c7000000)
 Metaspace       used 3551K, capacity 4664K, committed 4864K, reserved 1056768K
  class space    used 381K, capacity 424K, committed 512K, reserved 1048576K
}
Event: 13,702 GC heap before
{Heap before GC invocations=14 (full 1):
 PSYoungGen      total 314880K, used 308640K [0x00000000eb500000, 0x0000000100000000, 0x0000000100000000)
  eden space 292864K, 100% used [0x00000000eb500000,0x00000000fd300000,0x00000000fd300000)
  from space 22016K, 71% used [0x00000000fea80000,0x00000000ff9e8000,0x0000000100000000)
  to   space 23040K, 0% used [0x00000000fd300000,0x00000000fd300000,0x00000000fe980000)
 ParOldGen       total 83968K, used 67893K [0x00000000c1e00000, 0x00000000c7000000, 0x00000000eb500000)
  object space 83968K, 80% used [0x00000000c1e00000,0x00000000c604d490,0x00000000c7000000)
 Metaspace       used 3556K, capacity 4664K, committed 4864K, reserved 1056768K
  class space    used 381K, capacity 424K, committed 512K, reserved 1048576K
Event: 13,790 GC heap after
Heap after GC invocations=14 (full 1):
 PSYoungGen      total 315392K, used 22464K [0x00000000eb500000, 0x0000000100000000, 0x0000000100000000)
  eden space 292864K, 0% used [0x00000000eb500000,0x00000000eb500000,0x00000000fd300000)
  from space 22528K, 99% used [0x00000000fd300000,0x00000000fe8f0000,0x00000000fe900000)
  to   space 23552K, 0% used [0x00000000fe900000,0x00000000fe900000,0x0000000100000000)
 ParOldGen       total 83968K, used 83893K [0x00000000c1e00000, 0x00000000c7000000, 0x00000000eb500000)
  object space 83968K, 99% used [0x00000000c1e00000,0x00000000c6fed490,0x00000000c7000000)
 Metaspace       used 3556K, capacity 4664K, committed 4864K, reserved 1056768K
  class space    used 381K, capacity 424K, committed 512K, reserved 1048576K
}
Event: 13,790 GC heap before
{Heap before GC invocations=15 (full 2):
 PSYoungGen      total 315392K, used 22464K [0x00000000eb500000, 0x0000000100000000, 0x0000000100000000)
  eden space 292864K, 0% used [0x00000000eb500000,0x00000000eb500000,0x00000000fd300000)
  from space 22528K, 99% used [0x00000000fd300000,0x00000000fe8f0000,0x00000000fe900000)
  to   space 23552K, 0% used [0x00000000fe900000,0x00000000fe900000,0x0000000100000000)
 ParOldGen       total 83968K, used 83893K [0x00000000c1e00000, 0x00000000c7000000, 0x00000000eb500000)
  object space 83968K, 99% used [0x00000000c1e00000,0x00000000c6fed490,0x00000000c7000000)
 Metaspace       used 3556K, capacity 4664K, committed 4864K, reserved 1056768K
  class space    used 381K, capacity 424K, committed 512K, reserved 1048576K
Event: 14,292 GC heap after
Heap after GC invocations=15 (full 2):
 PSYoungGen      total 315392K, used 21064K [0x00000000eb500000, 0x0000000100000000, 0x0000000100000000)
  eden space 292864K, 0% used [0x00000000eb500000,0x00000000eb500000,0x00000000fd300000)
  from space 22528K, 93% used [0x00000000fd300000,0x00000000fe7920e8,0x00000000fe900000)
  to   space 23552K, 0% used [0x00000000fe900000,0x00000000fe900000,0x0000000100000000)
 ParOldGen       total 130560K, used 83629K [0x00000000c1e00000, 0x00000000c9d80000, 0x00000000eb500000)
  object space 130560K, 64% used [0x00000000c1e00000,0x00000000c6fab538,0x00000000c9d80000)
 Metaspace       used 3556K, capacity 4664K, committed 4864K, reserved 1056768K
  class space    used 381K, capacity 424K, committed 512K, reserved 1048576K
}
Event: 14,901 GC heap before
{Heap before GC invocations=16 (full 2):
 PSYoungGen      total 315392K, used 313928K [0x00000000eb500000, 0x0000000100000000, 0x0000000100000000)
  eden space 292864K, 100% used [0x00000000eb500000,0x00000000fd300000,0x00000000fd300000)
  from space 22528K, 93% used [0x00000000fd300000,0x00000000fe7920e8,0x00000000fe900000)
  to   space 23552K, 0% used [0x00000000fe900000,0x00000000fe900000,0x0000000100000000)
 ParOldGen       total 130560K, used 83629K [0x00000000c1e00000, 0x00000000c9d80000, 0x00000000eb500000)
  object space 130560K, 64% used [0x00000000c1e00000,0x00000000c6fab538,0x00000000c9d80000)
 Metaspace       used 3556K, capacity 4664K, committed 4864K, reserved 1056768K
  class space    used 381K, capacity 424K, committed 512K, reserved 1048576K
Event: 14,991 GC heap after
Heap after GC invocations=16 (full 2):
 PSYoungGen      total 305152K, used 22112K [0x00000000eb500000, 0x0000000100000000, 0x0000000100000000)
  eden space 281600K, 0% used [0x00000000eb500000,0x00000000eb500000,0x00000000fc800000)
  from space 23552K, 93% used [0x00000000fe900000,0x00000000ffe98000,0x0000000100000000)
  to   space 28672K, 0% used [0x00000000fc800000,0x00000000fc800000,0x00000000fe400000)
 ParOldGen       total 130560K, used 105461K [0x00000000c1e00000, 0x00000000c9d80000, 0x00000000eb500000)
  object space 130560K, 80% used [0x00000000c1e00000,0x00000000c84fd538,0x00000000c9d80000)
 Metaspace       used 3556K, capacity 4664K, committed 4864K, reserved 1056768K
  class space    used 381K, capacity 424K, committed 512K, reserved 1048576K
}
Event: 15,536 GC heap before
{Heap before GC invocations=17 (full 2):
 PSYoungGen      total 305152K, used 303712K [0x00000000eb500000, 0x0000000100000000, 0x0000000100000000)
  eden space 281600K, 100% used [0x00000000eb500000,0x00000000fc800000,0x00000000fc800000)
  from space 23552K, 93% used [0x00000000fe900000,0x00000000ffe98000,0x0000000100000000)
  to   space 28672K, 0% used [0x00000000fc800000,0x00000000fc800000,0x00000000fe400000)
 ParOldGen       total 130560K, used 105461K [0x00000000c1e00000, 0x00000000c9d80000, 0x00000000eb500000)
  object space 130560K, 80% used [0x00000000c1e00000,0x00000000c84fd538,0x00000000c9d80000)
 Metaspace       used 3556K, capacity 4664K, committed 4864K, reserved 1056768K
  class space    used 381K, capacity 424K, committed 512K, reserved 1048576K
Event: 15,591 GC heap after
Heap after GC invocations=17 (full 2):
 PSYoungGen      total 310272K, used 28672K [0x00000000eb500000, 0x0000000100000000, 0x0000000100000000)
  eden space 281600K, 0% used [0x00000000eb500000,0x00000000eb500000,0x00000000fc800000)
  from space 28672K, 100% used [0x00000000fc800000,0x00000000fe400000,0x00000000fe400000)
  to   space 28672K, 0% used [0x00000000fe400000,0x00000000fe400000,0x0000000100000000)
 ParOldGen       total 130560K, used 119005K [0x00000000c1e00000, 0x00000000c9d80000, 0x00000000eb500000)
  object space 130560K, 91% used [0x00000000c1e00000,0x00000000c9237538,0x00000000c9d80000)
 Metaspace       used 3556K, capacity 4664K, committed 4864K, reserved 1056768K
  class space    used 381K, capacity 424K, committed 512K, reserved 1048576K
}
Event: 15,591 GC heap before
{Heap before GC invocations=18 (full 3):
 PSYoungGen      total 310272K, used 28672K [0x00000000eb500000, 0x0000000100000000, 0x0000000100000000)
  eden space 281600K, 0% used [0x00000000eb500000,0x00000000eb500000,0x00000000fc800000)
  from space 28672K, 100% used [0x00000000fc800000,0x00000000fe400000,0x00000000fe400000)
  to   space 28672K, 0% used [0x00000000fe400000,0x00000000fe400000,0x0000000100000000)
 ParOldGen       total 130560K, used 119005K [0x00000000c1e00000, 0x00000000c9d80000, 0x00000000eb500000)
  object space 130560K, 91% used [0x00000000c1e00000,0x00000000c9237538,0x00000000c9d80000)
 Metaspace       used 3556K, capacity 4664K, committed 4864K, reserved 1056768K
  class space    used 381K, capacity 424K, committed 512K, reserved 1048576K

Deoptimization events (10 events):
Event: 10,919 Thread 0x00007f62d000b000 Uncommon trap: reason=unstable_if action=reinterpret pc=0x00007f62c11796d8 method=utils.structures.PairNode.equals(Ljava/lang/Object;)Z @ 107
Event: 10,928 Thread 0x00007f62d000b000 Uncommon trap: reason=unstable_if action=reinterpret pc=0x00007f62c1164738 method=domain.State.equals(Ljava/lang/Object;)Z @ 30
Event: 10,928 Thread 0x00007f62d000b000 Uncommon trap: reason=unstable_if action=reinterpret pc=0x00007f62c1161868 method=domain.State.equals(Ljava/lang/Object;)Z @ 30
Event: 11,342 Thread 0x00007f62d000b000 Uncommon trap: reason=predicate action=maybe_recompile pc=0x00007f62c119d60c method=utils.structures.HashTable.rehash()V @ 66
Event: 11,343 Thread 0x00007f62d000b000 Uncommon trap: reason=predicate action=maybe_recompile pc=0x00007f62c1190318 method=utils.structures.HashTable.rehash()V @ 61
Event: 11,431 Thread 0x00007f62d000b000 Uncommon trap: reason=unstable_if action=reinterpret pc=0x00007f62c118c75c method=utils.structures.HashTable.hashCode()I @ 9
Event: 11,653 Thread 0x00007f62d000b000 Uncommon trap: reason=unstable_if action=reinterpret pc=0x00007f62c11da230 method=utils.structures.HashTable.hashCode()I @ 9
Event: 13,470 Thread 0x00007f62d000b000 Uncommon trap: reason=unstable_if action=reinterpret pc=0x00007f62c11929d4 method=utils.structures.OwnLinkedList.equals(Ljava/lang/Object;)Z @ 52
Event: 13,472 Thread 0x00007f62d000b000 Uncommon trap: reason=unstable_if action=reinterpret pc=0x00007f62c118725c method=utils.structures.OwnLinkedList.equals(Ljava/lang/Object;)Z @ 52
Event: 13,472 Thread 0x00007f62d000b000 Uncommon trap: reason=unstable_if action=reinterpret pc=0x00007f62c11786f8 method=utils.structures.OwnLinkedList.equals(Ljava/lang/Object;)Z @ 52

Classes redefined (0 events):
No events

Internal exceptions (10 events):
Event: 0,162 Thread 0x00007f62d000b000 Exception <a 'java/security/PrivilegedActionException'> (0x00000000eb567490) thrown at [/build/openjdk-8-8iINie/openjdk-8-8u181-b13/src/hotspot/src/share/vm/prims/jvm.cpp, line 1435]
Event: 0,202 Thread 0x00007f62d000b000 Exception <a 'java/security/PrivilegedActionException'> (0x00000000eb59e748) thrown at [/build/openjdk-8-8iINie/openjdk-8-8u181-b13/src/hotspot/src/share/vm/prims/jvm.cpp, line 1435]
Event: 0,202 Thread 0x00007f62d000b000 Exception <a 'java/security/PrivilegedActionException'> (0x00000000eb59eb40) thrown at [/build/openjdk-8-8iINie/openjdk-8-8u181-b13/src/hotspot/src/share/vm/prims/jvm.cpp, line 1435]
Event: 0,202 Thread 0x00007f62d000b000 Exception <a 'java/security/PrivilegedActionException'> (0x00000000eb5a0db0) thrown at [/build/openjdk-8-8iINie/openjdk-8-8u181-b13/src/hotspot/src/share/vm/prims/jvm.cpp, line 1435]
Event: 0,202 Thread 0x00007f62d000b000 Exception <a 'java/security/PrivilegedActionException'> (0x00000000eb5a11a8) thrown at [/build/openjdk-8-8iINie/openjdk-8-8u181-b13/src/hotspot/src/share/vm/prims/jvm.cpp, line 1435]
Event: 0,202 Thread 0x00007f62d000b000 Exception <a 'java/security/PrivilegedActionException'> (0x00000000eb5a1e68) thrown at [/build/openjdk-8-8iINie/openjdk-8-8u181-b13/src/hotspot/src/share/vm/prims/jvm.cpp, line 1435]
Event: 0,202 Thread 0x00007f62d000b000 Exception <a 'java/security/PrivilegedActionException'> (0x00000000eb5a2260) thrown at [/build/openjdk-8-8iINie/openjdk-8-8u181-b13/src/hotspot/src/share/vm/prims/jvm.cpp, line 1435]
Event: 13,468 Thread 0x00007f62d000b000 Implicit null exception at 0x00007f62c1192630 to 0x00007f62c11929b1
Event: 13,472 Thread 0x00007f62d000b000 Implicit null exception at 0x00007f62c1187060 to 0x00007f62c1187249
Event: 13,472 Thread 0x00007f62d000b000 Implicit null exception at 0x00007f62c11783b0 to 0x00007f62c11786d9

Events (10 events):
Event: 13,472 Thread 0x00007f62d000b000 DEOPT UNPACKING pc=0x00007f62c104547a sp=0x00007f62d8dac5f0 mode 2
Event: 13,507 Thread 0x00007f62d000b000 DEOPT PACKING pc=0x00007f62c1207e0b sp=0x00007f62d8dac680
Event: 13,507 Thread 0x00007f62d000b000 DEOPT UNPACKING pc=0x00007f62c10474c4 sp=0x00007f62d8dac3e0 mode 0
Event: 13,511 Thread 0x00007f62d000b000 DEOPT PACKING pc=0x00007f62c1207e0b sp=0x00007f62d8dac680
Event: 13,511 Thread 0x00007f62d000b000 DEOPT UNPACKING pc=0x00007f62c10474c4 sp=0x00007f62d8dac3e0 mode 0
Event: 13,698 Executing VM operation: ParallelGCFailedAllocation
Event: 14,292 Executing VM operation: ParallelGCFailedAllocation done
Event: 14,900 Executing VM operation: ParallelGCFailedAllocation
Event: 14,991 Executing VM operation: ParallelGCFailedAllocation done
Event: 15,536 Executing VM operation: ParallelGCFailedAllocation


Dynamic libraries:
c1e00000-c9d80000 rw-p 00000000 00:00 0 
cdb80000-eb500000 ---p 00000000 00:00 0 
eb500000-100000000 rw-p 00000000 00:00 0 
100000000-100080000 rw-p 00000000 00:00 0 
100080000-140000000 ---p 00000000 00:00 0 
55e5ebd9e000-55e5ebd9f000 r-xp 00000000 08:01 2118676                    /usr/lib/jvm/java-8-openjdk-amd64/jre/bin/java
55e5ebf9e000-55e5ebf9f000 r--p 00000000 08:01 2118676                    /usr/lib/jvm/java-8-openjdk-amd64/jre/bin/java
55e5ebf9f000-55e5ebfa0000 rw-p 00001000 08:01 2118676                    /usr/lib/jvm/java-8-openjdk-amd64/jre/bin/java
55e5ed26c000-55e5ed28d000 rw-p 00000000 00:00 0                          [heap]
7f627c000000-7f627c021000 rw-p 00000000 00:00 0 
7f627c021000-7f6280000000 ---p 00000000 00:00 0 
7f6284000000-7f62842d5000 rw-p 00000000 00:00 0 
7f62842d5000-7f6288000000 ---p 00000000 00:00 0 
7f6288000000-7f6288021000 rw-p 00000000 00:00 0 
7f6288021000-7f628c000000 ---p 00000000 00:00 0 
7f628c000000-7f628cd3c000 rw-p 00000000 00:00 0 
7f628cd3c000-7f6290000000 ---p 00000000 00:00 0 
7f6294000000-7f6294021000 rw-p 00000000 00:00 0 
7f6294021000-7f6298000000 ---p 00000000 00:00 0 
7f6298000000-7f6298b87000 rw-p 00000000 00:00 0 
7f6298b87000-7f629c000000 ---p 00000000 00:00 0 
7f629c000000-7f629c021000 rw-p 00000000 00:00 0 
7f629c021000-7f62a0000000 ---p 00000000 00:00 0 
7f62a0000000-7f62a0021000 rw-p 00000000 00:00 0 
7f62a0021000-7f62a4000000 ---p 00000000 00:00 0 
7f62a4000000-7f62a4021000 rw-p 00000000 00:00 0 
7f62a4021000-7f62a8000000 ---p 00000000 00:00 0 
7f62a8000000-7f62a8021000 rw-p 00000000 00:00 0 
7f62a8021000-7f62ac000000 ---p 00000000 00:00 0 
7f62ac000000-7f62ac021000 rw-p 00000000 00:00 0 
7f62ac021000-7f62b0000000 ---p 00000000 00:00 0 
7f62b4000000-7f62b4021000 rw-p 00000000 00:00 0 
7f62b4021000-7f62b8000000 ---p 00000000 00:00 0 
7f62b8b19000-7f62b8b34000 r--s 001d6000 08:01 2118748                    /usr/lib/jvm/java-8-openjdk-amd64/jre/lib/ext/nashorn.jar
7f62b8b34000-7f62b8b4f000 r--s 00394000 08:01 2118743                    /usr/lib/jvm/java-8-openjdk-amd64/jre/lib/ext/cldrdata.jar
7f62b8b4f000-7f62b8be6000 r--s 007cb000 08:01 2490697                    /usr/share/java/openjfx/jre/lib/ext/jfxrt.jar
7f62b8be6000-7f62b8be7000 ---p 00000000 00:00 0 
7f62b8be7000-7f62b8ce7000 rw-p 00000000 00:00 0 
7f62b8ce7000-7f62b8cea000 ---p 00000000 00:00 0 
7f62b8cea000-7f62b8de8000 rw-p 00000000 00:00 0 
7f62b8de8000-7f62b8de9000 ---p 00000000 00:00 0 
7f62b8de9000-7f62b8dec000 ---p 00000000 00:00 0 
7f62b8dec000-7f62b8ee9000 rw-p 00000000 00:00 0 
7f62b8ee9000-7f62b8eea000 ---p 00000000 00:00 0 
7f62b8eea000-7f62b8eed000 ---p 00000000 00:00 0 
7f62b8eed000-7f62b8fea000 rw-p 00000000 00:00 0 
7f62b8fea000-7f62b8feb000 ---p 00000000 00:00 0 
7f62b8feb000-7f62b8fee000 ---p 00000000 00:00 0 
7f62b8fee000-7f62b90eb000 rw-p 00000000 00:00 0 
7f62b90eb000-7f62b90ee000 ---p 00000000 00:00 0 
7f62b90ee000-7f62b91ec000 rw-p 00000000 00:00 0 
7f62b91ec000-7f62b9cec000 r--p 00000000 08:01 2104005                    /usr/lib/locale/locale-archive
7f62b9cec000-7f62b9cef000 ---p 00000000 00:00 0 
7f62b9cef000-7f62b9ded000 rw-p 00000000 00:00 0 
7f62b9ded000-7f62b9df0000 ---p 00000000 00:00 0 
7f62b9df0000-7f62b9eee000 rw-p 00000000 00:00 0 
7f62b9eee000-7f62b9eef000 ---p 00000000 00:00 0 
7f62b9eef000-7f62bc000000 rw-p 00000000 00:00 0 
7f62bc000000-7f62bc021000 rw-p 00000000 00:00 0 
7f62bc021000-7f62c0000000 ---p 00000000 00:00 0 
7f62c0002000-7f62c0e31000 rw-p 00000000 00:00 0 
7f62c0e31000-7f62c1000000 r--s 03c32000 08:01 2118772                    /usr/lib/jvm/java-8-openjdk-amd64/jre/lib/rt.jar
7f62c1000000-7f62c1270000 rwxp 00000000 00:00 0 
7f62c1270000-7f62d0000000 ---p 00000000 00:00 0 
7f62d0000000-7f62d0205000 rw-p 00000000 00:00 0 
7f62d0205000-7f62d4000000 ---p 00000000 00:00 0 
7f62d4011000-7f62d4014000 r--s 00038000 08:01 2118751                    /usr/lib/jvm/java-8-openjdk-amd64/jre/lib/ext/sunpkcs11.jar
7f62d4014000-7f62d4017000 r--s 0000f000 08:01 2118745                    /usr/lib/jvm/java-8-openjdk-amd64/jre/lib/ext/icedtea-sound.jar
7f62d4017000-7f62d455d000 rw-p 00000000 00:00 0 
7f62d455d000-7f62d491d000 ---p 00000000 00:00 0 
7f62d491d000-7f62d4b0e000 rw-p 00000000 00:00 0 
7f62d4b0e000-7f62d4b0f000 ---p 00000000 00:00 0 
7f62d4b0f000-7f62d4c0f000 rw-p 00000000 00:00 0 
7f62d4c0f000-7f62d4c10000 ---p 00000000 00:00 0 
7f62d4c10000-7f62d4d10000 rw-p 00000000 00:00 0 
7f62d4d10000-7f62d4d11000 ---p 00000000 00:00 0 
7f62d4d11000-7f62d4e11000 rw-p 00000000 00:00 0 
7f62d4e11000-7f62d4e12000 ---p 00000000 00:00 0 
7f62d4e12000-7f62d4f52000 rw-p 00000000 00:00 0 
7f62d4f52000-7f62d505e000 ---p 00000000 00:00 0 
7f62d505e000-7f62d509e000 rw-p 00000000 00:00 0 
7f62d509e000-7f62d51a9000 ---p 00000000 00:00 0 
7f62d51a9000-7f62d524f000 rw-p 00000000 00:00 0 
7f62d524f000-7f62d525a000 rw-p 00000000 00:00 0 
7f62d525a000-7f62d5610000 ---p 00000000 00:00 0 
7f62d5610000-7f62d5618000 r-xp 00000000 08:01 2118722                    /usr/lib/jvm/java-8-openjdk-amd64/jre/lib/amd64/libzip.so
7f62d5618000-7f62d5817000 ---p 00008000 08:01 2118722                    /usr/lib/jvm/java-8-openjdk-amd64/jre/lib/amd64/libzip.so
7f62d5817000-7f62d5818000 r--p 00007000 08:01 2118722                    /usr/lib/jvm/java-8-openjdk-amd64/jre/lib/amd64/libzip.so
7f62d5818000-7f62d5819000 rw-p 00008000 08:01 2118722                    /usr/lib/jvm/java-8-openjdk-amd64/jre/lib/amd64/libzip.so
7f62d5819000-7f62d5824000 r-xp 00000000 08:01 1447546                    /lib/x86_64-linux-gnu/libnss_files-2.27.so
7f62d5824000-7f62d5a23000 ---p 0000b000 08:01 1447546                    /lib/x86_64-linux-gnu/libnss_files-2.27.so
7f62d5a23000-7f62d5a24000 r--p 0000a000 08:01 1447546                    /lib/x86_64-linux-gnu/libnss_files-2.27.so
7f62d5a24000-7f62d5a25000 rw-p 0000b000 08:01 1447546                    /lib/x86_64-linux-gnu/libnss_files-2.27.so
7f62d5a25000-7f62d5a2b000 rw-p 00000000 00:00 0 
7f62d5a2b000-7f62d5a42000 r-xp 00000000 08:01 1447540                    /lib/x86_64-linux-gnu/libnsl-2.27.so
7f62d5a42000-7f62d5c41000 ---p 00017000 08:01 1447540                    /lib/x86_64-linux-gnu/libnsl-2.27.so
7f62d5c41000-7f62d5c42000 r--p 00016000 08:01 1447540                    /lib/x86_64-linux-gnu/libnsl-2.27.so
7f62d5c42000-7f62d5c43000 rw-p 00017000 08:01 1447540                    /lib/x86_64-linux-gnu/libnsl-2.27.so
7f62d5c43000-7f62d5c45000 rw-p 00000000 00:00 0 
7f62d5c45000-7f62d5c50000 r-xp 00000000 08:01 1447557                    /lib/x86_64-linux-gnu/libnss_nis-2.27.so
7f62d5c50000-7f62d5e4f000 ---p 0000b000 08:01 1447557                    /lib/x86_64-linux-gnu/libnss_nis-2.27.so
7f62d5e4f000-7f62d5e50000 r--p 0000a000 08:01 1447557                    /lib/x86_64-linux-gnu/libnss_nis-2.27.so
7f62d5e50000-7f62d5e51000 rw-p 0000b000 08:01 1447557                    /lib/x86_64-linux-gnu/libnss_nis-2.27.so
7f62d5e51000-7f62d5e59000 r-xp 00000000 08:01 1447542                    /lib/x86_64-linux-gnu/libnss_compat-2.27.so
7f62d5e59000-7f62d6059000 ---p 00008000 08:01 1447542                    /lib/x86_64-linux-gnu/libnss_compat-2.27.so
7f62d6059000-7f62d605a000 r--p 00008000 08:01 1447542                    /lib/x86_64-linux-gnu/libnss_compat-2.27.so
7f62d605a000-7f62d605b000 rw-p 00009000 08:01 1447542                    /lib/x86_64-linux-gnu/libnss_compat-2.27.so
7f62d605b000-7f62d6089000 r-xp 00000000 08:01 2118703                    /usr/lib/jvm/java-8-openjdk-amd64/jre/lib/amd64/libjava.so
7f62d6089000-7f62d6288000 ---p 0002e000 08:01 2118703                    /usr/lib/jvm/java-8-openjdk-amd64/jre/lib/amd64/libjava.so
7f62d6288000-7f62d6289000 r--p 0002d000 08:01 2118703                    /usr/lib/jvm/java-8-openjdk-amd64/jre/lib/amd64/libjava.so
7f62d6289000-7f62d628b000 rw-p 0002e000 08:01 2118703                    /usr/lib/jvm/java-8-openjdk-amd64/jre/lib/amd64/libjava.so
7f62d628b000-7f62d629b000 r-xp 00000000 08:01 2118721                    /usr/lib/jvm/java-8-openjdk-amd64/jre/lib/amd64/libverify.so
7f62d629b000-7f62d649a000 ---p 00010000 08:01 2118721                    /usr/lib/jvm/java-8-openjdk-amd64/jre/lib/amd64/libverify.so
7f62d649a000-7f62d649c000 r--p 0000f000 08:01 2118721                    /usr/lib/jvm/java-8-openjdk-amd64/jre/lib/amd64/libverify.so
7f62d649c000-7f62d649d000 rw-p 00011000 08:01 2118721                    /usr/lib/jvm/java-8-openjdk-amd64/jre/lib/amd64/libverify.so
7f62d649d000-7f62d64a4000 r-xp 00000000 08:01 1447597                    /lib/x86_64-linux-gnu/librt-2.27.so
7f62d64a4000-7f62d66a3000 ---p 00007000 08:01 1447597                    /lib/x86_64-linux-gnu/librt-2.27.so
7f62d66a3000-7f62d66a4000 r--p 00006000 08:01 1447597                    /lib/x86_64-linux-gnu/librt-2.27.so
7f62d66a4000-7f62d66a5000 rw-p 00007000 08:01 1447597                    /lib/x86_64-linux-gnu/librt-2.27.so
7f62d66a5000-7f62d66bc000 r-xp 00000000 08:01 1444536                    /lib/x86_64-linux-gnu/libgcc_s.so.1
7f62d66bc000-7f62d68bb000 ---p 00017000 08:01 1444536                    /lib/x86_64-linux-gnu/libgcc_s.so.1
7f62d68bb000-7f62d68bc000 r--p 00016000 08:01 1444536                    /lib/x86_64-linux-gnu/libgcc_s.so.1
7f62d68bc000-7f62d68bd000 rw-p 00017000 08:01 1444536                    /lib/x86_64-linux-gnu/libgcc_s.so.1
7f62d68bd000-7f62d6a5a000 r-xp 00000000 08:01 1447519                    /lib/x86_64-linux-gnu/libm-2.27.so
7f62d6a5a000-7f62d6c59000 ---p 0019d000 08:01 1447519                    /lib/x86_64-linux-gnu/libm-2.27.so
7f62d6c59000-7f62d6c5a000 r--p 0019c000 08:01 1447519                    /lib/x86_64-linux-gnu/libm-2.27.so
7f62d6c5a000-7f62d6c5b000 rw-p 0019d000 08:01 1447519                    /lib/x86_64-linux-gnu/libm-2.27.so
7f62d6c5b000-7f62d6dd4000 r-xp 00000000 08:01 2099847                    /usr/lib/x86_64-linux-gnu/libstdc++.so.6.0.25
7f62d6dd4000-7f62d6fd4000 ---p 00179000 08:01 2099847                    /usr/lib/x86_64-linux-gnu/libstdc++.so.6.0.25
7f62d6fd4000-7f62d6fde000 r--p 00179000 08:01 2099847                    /usr/lib/x86_64-linux-gnu/libstdc++.so.6.0.25
7f62d6fde000-7f62d6fe0000 rw-p 00183000 08:01 2099847                    /usr/lib/x86_64-linux-gnu/libstdc++.so.6.0.25
7f62d6fe0000-7f62d6fe4000 rw-p 00000000 00:00 0 
7f62d6fe4000-7f62d7c79000 r-xp 00000000 08:01 2118725                    /usr/lib/jvm/java-8-openjdk-amd64/jre/lib/amd64/server/libjvm.so
7f62d7c79000-7f62d7e78000 ---p 00c95000 08:01 2118725                    /usr/lib/jvm/java-8-openjdk-amd64/jre/lib/amd64/server/libjvm.so
7f62d7e78000-7f62d7f0c000 r--p 00c94000 08:01 2118725                    /usr/lib/jvm/java-8-openjdk-amd64/jre/lib/amd64/server/libjvm.so
7f62d7f0c000-7f62d7f34000 rw-p 00d28000 08:01 2118725                    /usr/lib/jvm/java-8-openjdk-amd64/jre/lib/amd64/server/libjvm.so
7f62d7f34000-7f62d7f65000 rw-p 00000000 00:00 0 
7f62d7f65000-7f62d7f7f000 r-xp 00000000 08:01 1447589                    /lib/x86_64-linux-gnu/libpthread-2.27.so
7f62d7f7f000-7f62d817e000 ---p 0001a000 08:01 1447589                    /lib/x86_64-linux-gnu/libpthread-2.27.so
7f62d817e000-7f62d817f000 r--p 00019000 08:01 1447589                    /lib/x86_64-linux-gnu/libpthread-2.27.so
7f62d817f000-7f62d8180000 rw-p 0001a000 08:01 1447589                    /lib/x86_64-linux-gnu/libpthread-2.27.so
7f62d8180000-7f62d8184000 rw-p 00000000 00:00 0 
7f62d8184000-7f62d8187000 r-xp 00000000 08:01 1447479                    /lib/x86_64-linux-gnu/libdl-2.27.so
7f62d8187000-7f62d8386000 ---p 00003000 08:01 1447479                    /lib/x86_64-linux-gnu/libdl-2.27.so
7f62d8386000-7f62d8387000 r--p 00002000 08:01 1447479                    /lib/x86_64-linux-gnu/libdl-2.27.so
7f62d8387000-7f62d8388000 rw-p 00003000 08:01 1447479                    /lib/x86_64-linux-gnu/libdl-2.27.so
7f62d8388000-7f62d83a4000 r-xp 00000000 08:01 1447628                    /lib/x86_64-linux-gnu/libz.so.1.2.11
7f62d83a4000-7f62d85a3000 ---p 0001c000 08:01 1447628                    /lib/x86_64-linux-gnu/libz.so.1.2.11
7f62d85a3000-7f62d85a4000 r--p 0001b000 08:01 1447628                    /lib/x86_64-linux-gnu/libz.so.1.2.11
7f62d85a4000-7f62d85a5000 rw-p 0001c000 08:01 1447628                    /lib/x86_64-linux-gnu/libz.so.1.2.11
7f62d85a5000-7f62d878c000 r-xp 00000000 08:01 1447456                    /lib/x86_64-linux-gnu/libc-2.27.so
7f62d878c000-7f62d898c000 ---p 001e7000 08:01 1447456                    /lib/x86_64-linux-gnu/libc-2.27.so
7f62d898c000-7f62d8990000 r--p 001e7000 08:01 1447456                    /lib/x86_64-linux-gnu/libc-2.27.so
7f62d8990000-7f62d8992000 rw-p 001eb000 08:01 1447456                    /lib/x86_64-linux-gnu/libc-2.27.so
7f62d8992000-7f62d8996000 rw-p 00000000 00:00 0 
7f62d8996000-7f62d89a4000 r-xp 00000000 08:01 2118689                    /usr/lib/jvm/java-8-openjdk-amd64/jre/lib/amd64/jli/libjli.so
7f62d89a4000-7f62d8ba3000 ---p 0000e000 08:01 2118689                    /usr/lib/jvm/java-8-openjdk-amd64/jre/lib/amd64/jli/libjli.so
7f62d8ba3000-7f62d8ba4000 r--p 0000d000 08:01 2118689                    /usr/lib/jvm/java-8-openjdk-amd64/jre/lib/amd64/jli/libjli.so
7f62d8ba4000-7f62d8ba5000 rw-p 0000e000 08:01 2118689                    /usr/lib/jvm/java-8-openjdk-amd64/jre/lib/amd64/jli/libjli.so
7f62d8ba5000-7f62d8bcc000 r-xp 00000000 08:01 1447428                    /lib/x86_64-linux-gnu/ld-2.27.so
7f62d8bcc000-7f62d8bce000 r--s 00007000 08:01 2490659                    /usr/share/java/java-atk-wrapper.jar
7f62d8bce000-7f62d8bd4000 r--s 0003b000 08:01 2118750                    /usr/lib/jvm/java-8-openjdk-amd64/jre/lib/ext/sunjce_provider.jar
7f62d8bd4000-7f62d8cad000 rw-p 00000000 00:00 0 
7f62d8cad000-7f62d8cae000 ---p 00000000 00:00 0 
7f62d8cae000-7f62d8cb1000 ---p 00000000 00:00 0 
7f62d8cb1000-7f62d8db0000 rw-p 00000000 00:00 0 
7f62d8db0000-7f62d8db1000 r--s 0000a000 08:01 2118746                    /usr/lib/jvm/java-8-openjdk-amd64/jre/lib/ext/jaccess.jar
7f62d8db1000-7f62d8db2000 r--s 00010000 08:01 2118752                    /usr/lib/jvm/java-8-openjdk-amd64/jre/lib/ext/zipfs.jar
7f62d8db2000-7f62d8dbc000 r--s 00116000 08:01 2118747                    /usr/lib/jvm/java-8-openjdk-amd64/jre/lib/ext/localedata.jar
7f62d8dbc000-7f62d8dbe000 r--s 00001000 08:01 2118744                    /usr/lib/jvm/java-8-openjdk-amd64/jre/lib/ext/dnsns.jar
7f62d8dbe000-7f62d8dc0000 r--s 00008000 08:01 2118749                    /usr/lib/jvm/java-8-openjdk-amd64/jre/lib/ext/sunec.jar
7f62d8dc0000-7f62d8dc8000 rw-s 00000000 08:01 1968701                    /tmp/hsperfdata_jesper/11780
7f62d8dc8000-7f62d8dc9000 rw-p 00000000 00:00 0 
7f62d8dc9000-7f62d8dca000 ---p 00000000 00:00 0 
7f62d8dca000-7f62d8dcc000 rw-p 00000000 00:00 0 
7f62d8dcc000-7f62d8dcd000 r--p 00027000 08:01 1447428                    /lib/x86_64-linux-gnu/ld-2.27.so
7f62d8dcd000-7f62d8dce000 rw-p 00028000 08:01 1447428                    /lib/x86_64-linux-gnu/ld-2.27.so
7f62d8dce000-7f62d8dcf000 rw-p 00000000 00:00 0 
7ffc4a18b000-7ffc4a1ac000 rw-p 00000000 00:00 0                          [stack]
7ffc4a1c1000-7ffc4a1c4000 r--p 00000000 00:00 0                          [vvar]
7ffc4a1c4000-7ffc4a1c6000 r-xp 00000000 00:00 0                          [vdso]
ffffffffff600000-ffffffffff601000 r-xp 00000000 00:00 0                  [vsyscall]

VM Arguments:
java_command: RegexParser
java_class_path (initial): /home/jesper/Documents/regex_parser/regex_parser/target/classes
Launcher Type: SUN_STANDARD

Environment Variables:
JAVA_HOME=/usr/lib/jvm/java-8-openjdk-amd64
PATH=/usr/local/sbin:/usr/local/bin:/usr/sbin:/usr/bin:/sbin:/bin:/usr/games:/usr/local/games:/snap/bin
USERNAME=jesper
LD_LIBRARY_PATH=/usr/lib/jvm/java-8-openjdk-amd64/bin/../jre/lib/amd64:/usr/lib/jvm/java-8-openjdk-amd64/bin/../jre/lib/i386:
SHELL=/bin/bash
DISPLAY=:0

Signal Handlers:
SIGSEGV: [libjvm.so+0xaaf3a0], sa_mask[0]=11111111011111111101111111111110, sa_flags=SA_RESTART|SA_SIGINFO
SIGBUS: [libjvm.so+0xaaf3a0], sa_mask[0]=11111111011111111101111111111110, sa_flags=SA_RESTART|SA_SIGINFO
SIGFPE: [libjvm.so+0x8e52e0], sa_mask[0]=11111111011111111101111111111110, sa_flags=SA_RESTART|SA_SIGINFO
SIGPIPE: [libjvm.so+0x8e52e0], sa_mask[0]=11111111011111111101111111111110, sa_flags=SA_RESTART|SA_SIGINFO
SIGXFSZ: [libjvm.so+0x8e52e0], sa_mask[0]=11111111011111111101111111111110, sa_flags=SA_RESTART|SA_SIGINFO
SIGILL: [libjvm.so+0x8e52e0], sa_mask[0]=11111111011111111101111111111110, sa_flags=SA_RESTART|SA_SIGINFO
SIGUSR1: SIG_DFL, sa_mask[0]=00000000000000000000000000000000, sa_flags=none
SIGUSR2: [libjvm.so+0x8e5190], sa_mask[0]=00100000000000000000000000000000, sa_flags=SA_RESTART|SA_SIGINFO
SIGHUP: [libjvm.so+0x8e5640], sa_mask[0]=11111111011111111101111111111110, sa_flags=SA_RESTART|SA_SIGINFO
SIGINT: SIG_IGN, sa_mask[0]=00000000000000000000000000000000, sa_flags=none
SIGTERM: [libjvm.so+0x8e5640], sa_mask[0]=11111111011111111101111111111110, sa_flags=SA_RESTART|SA_SIGINFO
SIGQUIT: [libjvm.so+0x8e5640], sa_mask[0]=11111111011111111101111111111110, sa_flags=SA_RESTART|SA_SIGINFO


---------------  S Y S T E M  ---------------

OS:DISTRIB_ID=Ubuntu
DISTRIB_RELEASE=18.04
DISTRIB_CODENAME=bionic
DISTRIB_DESCRIPTION="Ubuntu 18.04.1 LTS"

uname:Linux 4.15.0-36-generic #39-Ubuntu SMP Mon Sep 24 16:19:09 UTC 2018 x86_64
libc:glibc 2.27 NPTL 2.27 
rlimit: STACK 8192k, CORE 0k, NPROC 15661, NOFILE 1048576, AS infinity
load average:1,40 0,90 0,77

/proc/meminfo:
MemTotal:        4069892 kB
MemFree:          103448 kB
MemAvailable:      12828 kB
Buffers:            1236 kB
Cached:            95576 kB
SwapCached:        26416 kB
Active:          3099536 kB
Inactive:         632132 kB
Active(anon):    3092164 kB
Inactive(anon):   618548 kB
Active(file):       7372 kB
Inactive(file):    13584 kB
Unevictable:         360 kB
Mlocked:             360 kB
SwapTotal:       2097148 kB
SwapFree:              0 kB
Dirty:                92 kB
Writeback:             0 kB
AnonPages:       3610540 kB
Mapped:            87544 kB
Shmem:             75416 kB
Slab:              86864 kB
SReclaimable:      35340 kB
SUnreclaim:        51524 kB
KernelStack:       15280 kB
PageTables:        76136 kB
NFS_Unstable:          0 kB
Bounce:                0 kB
WritebackTmp:          0 kB
CommitLimit:     4132092 kB
Committed_AS:   15773996 kB
VmallocTotal:   34359738367 kB
VmallocUsed:           0 kB
VmallocChunk:          0 kB
HardwareCorrupted:     0 kB
AnonHugePages:         0 kB
ShmemHugePages:        0 kB
ShmemPmdMapped:        0 kB
CmaTotal:              0 kB
CmaFree:               0 kB
HugePages_Total:       0
HugePages_Free:        0
HugePages_Rsvd:        0
HugePages_Surp:        0
Hugepagesize:       2048 kB
DirectMap4k:      221120 kB
DirectMap2M:     4005888 kB


CPU:total 4 (initial active 4) (4 cores per cpu, 1 threads per core) family 6 model 142 stepping 10, cmov, cx8, fxsr, mmx, sse, sse2, sse3, ssse3, sse4.1, sse4.2, popcnt, avx, avx2, aes, clmul, 3dnowpref, lzcnt, tsc, tscinvbit

/proc/cpuinfo:
processor	: 0
vendor_id	: GenuineIntel
cpu family	: 6
model		: 142
model name	: Intel(R) Core(TM) i5-8250U CPU @ 1.60GHz
stepping	: 10
cpu MHz		: 1800.000
cache size	: 6144 KB
physical id	: 0
siblings	: 4
core id		: 0
cpu cores	: 4
apicid		: 0
initial apicid	: 0
fpu		: yes
fpu_exception	: yes
cpuid level	: 22
wp		: yes
flags		: fpu vme de pse tsc msr pae mce cx8 apic sep mtrr pge mca cmov pat pse36 clflush mmx fxsr sse sse2 ht syscall nx rdtscp lm constant_tsc rep_good nopl xtopology nonstop_tsc cpuid pni pclmulqdq ssse3 cx16 pcid sse4_1 sse4_2 x2apic movbe popcnt aes xsave avx rdrand hypervisor lahf_lm abm 3dnowprefetch invpcid_single pti fsgsbase avx2 invpcid rdseed clflushopt
bugs		: cpu_meltdown spectre_v1 spectre_v2 spec_store_bypass l1tf
bogomips	: 3600.00
clflush size	: 64
cache_alignment	: 64
address sizes	: 39 bits physical, 48 bits virtual
power management:

processor	: 1
vendor_id	: GenuineIntel
cpu family	: 6
model		: 142
model name	: Intel(R) Core(TM) i5-8250U CPU @ 1.60GHz
stepping	: 10
cpu MHz		: 1800.000
cache size	: 6144 KB
physical id	: 0
siblings	: 4
core id		: 1
cpu cores	: 4
apicid		: 1
initial apicid	: 1
fpu		: yes
fpu_exception	: yes
cpuid level	: 22
wp		: yes
flags		: fpu vme de pse tsc msr pae mce cx8 apic sep mtrr pge mca cmov pat pse36 clflush mmx fxsr sse sse2 ht syscall nx rdtscp lm constant_tsc rep_good nopl xtopology nonstop_tsc cpuid pni pclmulqdq ssse3 cx16 pcid sse4_1 sse4_2 x2apic movbe popcnt aes xsave avx rdrand hypervisor lahf_lm abm 3dnowprefetch invpcid_single pti fsgsbase avx2 invpcid rdseed clflushopt
bugs		: cpu_meltdown spectre_v1 spectre_v2 spec_store_bypass l1tf
bogomips	: 3600.00
clflush size	: 64
cache_alignment	: 64
address sizes	: 39 bits physical, 48 bits virtual
power management:

processor	: 2
vendor_id	: GenuineIntel
cpu family	: 6
model		: 142
model name	: Intel(R) Core(TM) i5-8250U CPU @ 1.60GHz
stepping	: 10
cpu MHz		: 1800.000
cache size	: 6144 KB
physical id	: 0
siblings	: 4
core id		: 2
cpu cores	: 4
apicid		: 2
initial apicid	: 2
fpu		: yes
fpu_exception	: yes
cpuid level	: 22
wp		: yes
flags		: fpu vme de pse tsc msr pae mce cx8 apic sep mtrr pge mca cmov pat pse36 clflush mmx fxsr sse sse2 ht syscall nx rdtscp lm constant_tsc rep_good nopl xtopology nonstop_tsc cpuid pni pclmulqdq ssse3 cx16 pcid sse4_1 sse4_2 x2apic movbe popcnt aes xsave avx rdrand hypervisor lahf_lm abm 3dnowprefetch invpcid_single pti fsgsbase avx2 invpcid rdseed clflushopt
bugs		: cpu_meltdown spectre_v1 spectre_v2 spec_store_bypass l1tf
bogomips	: 3600.00
clflush size	: 64
cache_alignment	: 64
address sizes	: 39 bits physical, 48 bits virtual
power management:

processor	: 3
vendor_id	: GenuineIntel
cpu family	: 6
model		: 142
model name	: Intel(R) Core(TM) i5-8250U CPU @ 1.60GHz
stepping	: 10
cpu MHz		: 1800.000
cache size	: 6144 KB
physical id	: 0
siblings	: 4
core id		: 3
cpu cores	: 4
apicid		: 3
initial apicid	: 3
fpu		: yes
fpu_exception	: yes
cpuid level	: 22
wp		: yes
flags		: fpu vme de pse tsc msr pae mce cx8 apic sep mtrr pge mca cmov pat pse36 clflush mmx fxsr sse sse2 ht syscall nx rdtscp lm constant_tsc rep_good nopl xtopology nonstop_tsc cpuid pni pclmulqdq ssse3 cx16 pcid sse4_1 sse4_2 x2apic movbe popcnt aes xsave avx rdrand hypervisor lahf_lm abm 3dnowprefetch invpcid_single pti fsgsbase avx2 invpcid rdseed clflushopt
bugs		: cpu_meltdown spectre_v1 spectre_v2 spec_store_bypass l1tf
bogomips	: 3600.00
clflush size	: 64
cache_alignment	: 64
address sizes	: 39 bits physical, 48 bits virtual
power management:



Memory: 4k page, physical 4069892k(103448k free), swap 2097148k(0k free)

vm_info: OpenJDK 64-Bit Server VM (25.181-b13) for linux-amd64 JRE (1.8.0_181-8u181-b13-0ubuntu0.18.04.1-b13), built on Jul 23 2018 19:14:48 by "buildd" with gcc 7.3.0

time: Fri Oct 12 18:23:20 2018
elapsed time: 16 seconds (0d 0h 0m 16s)

