#
# There is insufficient memory for the Java Runtime Environment to continue.
# Native memory allocation (mmap) failed to map 103809024 bytes for committing reserved memory.
# Possible reasons:
#   The system is out of physical RAM or swap space
#   In 32 bit mode, the process size limit was hit
# Possible solutions:
#   Reduce memory load on the system
#   Increase physical memory or swap space
#   Check if swap backing store is full
#   Use 64 bit Java on a 64 bit OS
#   Decrease Java heap size (-Xmx/-Xms)
#   Decrease number of Java threads
#   Decrease Java thread stack sizes (-Xss)
#   Set larger code cache with -XX:ReservedCodeCacheSize=
# This output file may be truncated or incomplete.
#
#  Out of Memory Error (os_linux.cpp:2643), pid=23093, tid=0x00007f2bf415e700
#
# JRE version: OpenJDK Runtime Environment (8.0_181-b13) (build 1.8.0_181-8u181-b13-0ubuntu0.18.04.1-b13)
# Java VM: OpenJDK 64-Bit Server VM (25.181-b13 mixed mode linux-amd64 compressed oops)
# Failed to write core dump. Core dumps have been disabled. To enable core dumping, try "ulimit -c unlimited" before starting Java again
#

---------------  T H R E A D  ---------------

Current thread (0x00007f2c08140000):  VMThread [stack: 0x00007f2bf405f000,0x00007f2bf415f000] [id=23100]

Stack: [0x00007f2bf405f000,0x00007f2bf415f000],  sp=0x00007f2bf415d440,  free space=1017k
Native frames: (J=compiled Java code, j=interpreted, Vv=VM code, C=native code)
V  [libjvm.so+0xaaea52]
V  [libjvm.so+0x4d9897]
V  [libjvm.so+0x8e9c50]
V  [libjvm.so+0x8e41ae]
V  [libjvm.so+0x964a06]
V  [libjvm.so+0x95367a]
V  [libjvm.so+0x953848]
V  [libjvm.so+0x954450]
V  [libjvm.so+0x95a7ec]
V  [libjvm.so+0x9628d5]
V  [libjvm.so+0x910f48]
V  [libjvm.so+0xab0712]
V  [libjvm.so+0xab52d6]
V  [libjvm.so+0xab3575]
V  [libjvm.so+0xab3eed]
V  [libjvm.so+0xab42c7]
V  [libjvm.so+0x8e70a2]

VM_Operation (0x00007f2c0ee88ee0): ParallelGCFailedAllocation, mode: safepoint, requested by thread 0x00007f2c0800b000


---------------  P R O C E S S  ---------------

Java Threads: ( => current thread )
  0x00007f2c08188800 JavaThread "Service Thread" daemon [_thread_blocked, id=23107, stack(0x00007f2beedf9000,0x00007f2beeefa000)]
  0x00007f2c08186000 JavaThread "C1 CompilerThread2" daemon [_thread_blocked, id=23106, stack(0x00007f2beeefb000,0x00007f2beeffb000)]
  0x00007f2c08184000 JavaThread "C2 CompilerThread1" daemon [_thread_blocked, id=23105, stack(0x00007f2beeffc000,0x00007f2bef0fc000)]
  0x00007f2c08181000 JavaThread "C2 CompilerThread0" daemon [_thread_blocked, id=23104, stack(0x00007f2bef0fd000,0x00007f2bef1fd000)]
  0x00007f2c0817f800 JavaThread "Signal Dispatcher" daemon [_thread_blocked, id=23103, stack(0x00007f2bef1fd000,0x00007f2bef2fe000)]
  0x00007f2c0814c800 JavaThread "Finalizer" daemon [_thread_blocked, id=23102, stack(0x00007f2befdfe000,0x00007f2befeff000)]
  0x00007f2c08148000 JavaThread "Reference Handler" daemon [_thread_blocked, id=23101, stack(0x00007f2befeff000,0x00007f2bf0000000)]
  0x00007f2c0800b000 JavaThread "main" [_thread_blocked, id=23095, stack(0x00007f2c0ed8c000,0x00007f2c0ee8c000)]

Other Threads:
=>0x00007f2c08140000 VMThread [stack: 0x00007f2bf405f000,0x00007f2bf415f000] [id=23100]
  0x00007f2c0818b800 WatcherThread [stack: 0x00007f2beecf9000,0x00007f2beedf9000] [id=23108]

VM state:at safepoint (normal execution)

VM Mutex/Monitor currently owned by a thread:  ([mutex/lock_event])
[0x00007f2c08007400] ExpandHeap_lock - owner thread: 0x00007f2c08140000
[0x00007f2c08007a80] Threads_lock - owner thread: 0x00007f2c08140000
[0x00007f2c08007f80] Heap_lock - owner thread: 0x00007f2c0800b000

Heap:
 PSYoungGen      total 226304K, used 0K [0x00000000eb500000, 0x0000000100000000, 0x0000000100000000)
  eden space 113664K, 0% used [0x00000000eb500000,0x00000000eb500000,0x00000000f2400000)
  from space 112640K, 0% used [0x00000000f2400000,0x00000000f2400000,0x00000000f9200000)
  to   space 112640K, 0% used [0x00000000f9200000,0x00000000f9200000,0x0000000100000000)
 ParOldGen       total 398848K, used 292050K [0x00000000c1e00000, 0x00000000da380000, 0x00000000eb500000)
  object space 398848K, 73% used [0x00000000c1e00000,0x00000000d3b34bc0,0x00000000da380000)
 Metaspace       used 4610K, capacity 5408K, committed 5504K, reserved 1056768K
  class space    used 525K, capacity 566K, committed 640K, reserved 1048576K

Card table byte_map: [0x00007f2bf8003000,0x00007f2bf81f5000] byte_map_base: 0x00007f2bf79f4000

Marking Bits: (ParMarkBitMap*) 0x00007f2c0e0261c0
 Begin Bits: [0x00007f2bf5ca4000, 0x00007f2bf6c2c000)
 End Bits:   [0x00007f2bf6c2c000, 0x00007f2bf7bb4000)

Polling page: 0x00007f2c0eea7000

CodeCache: size=245760Kb used=1991Kb max_used=1991Kb free=243768Kb
 bounds [0x00007f2bf85b5000, 0x00007f2bf8825000, 0x00007f2c075b5000]
 total_blobs=678 nmethods=420 adapters=173
 compilation: enabled

Compilation events (10 events):
Event: 0,981 Thread 0x00007f2c08186000  417       3       java.lang.ref.Finalizer::access$000 (4 bytes)
Event: 0,981 Thread 0x00007f2c08186000 nmethod 417 0x00007f2bf87a6250 code [0x00007f2bf87a63a0, 0x00007f2bf87a64d0]
Event: 0,981 Thread 0x00007f2c08186000  418       3       java.lang.ref.ReferenceQueue::remove (6 bytes)
Event: 0,981 Thread 0x00007f2c08186000 nmethod 418 0x00007f2bf87a6550 code [0x00007f2bf87a66c0, 0x00007f2bf87a68c8]
Event: 0,981 Thread 0x00007f2c08186000  416       3       java.lang.ref.ReferenceQueue::reallyPoll (65 bytes)
Event: 0,981 Thread 0x00007f2c08186000 nmethod 416 0x00007f2bf87a6950 code [0x00007f2bf87a6ae0, 0x00007f2bf87a6f50]
Event: 0,981 Thread 0x00007f2c08186000  419   !   3       java.lang.ref.ReferenceQueue::remove (125 bytes)
Event: 0,982 Thread 0x00007f2c08186000 nmethod 419 0x00007f2bf87a7010 code [0x00007f2bf87a7200, 0x00007f2bf87a7ab8]
Event: 0,982 Thread 0x00007f2c08186000  420       3       java.lang.ref.Finalizer::access$100 (6 bytes)
Event: 0,982 Thread 0x00007f2c08186000 nmethod 420 0x00007f2bf87a7ed0 code [0x00007f2bf87a8040, 0x00007f2bf87a81a8]

GC Heap History (10 events):
Event: 5,204 GC heap after
Heap after GC invocations=12 (full 4):
 PSYoungGen      total 202240K, used 64096K [0x00000000eb500000, 0x00000000fe980000, 0x0000000100000000)
  eden space 90624K, 0% used [0x00000000eb500000,0x00000000eb500000,0x00000000f0d80000)
  from space 111616K, 57% used [0x00000000f7c80000,0x00000000fbb18000,0x00000000fe980000)
  to   space 112640K, 0% used [0x00000000f0d80000,0x00000000f0d80000,0x00000000f7b80000)
 ParOldGen       total 231936K, used 102104K [0x00000000c1e00000, 0x00000000d0080000, 0x00000000eb500000)
  object space 231936K, 44% used [0x00000000c1e00000,0x00000000c81b6120,0x00000000d0080000)
 Metaspace       used 4610K, capacity 5408K, committed 5504K, reserved 1056768K
  class space    used 525K, capacity 566K, committed 640K, reserved 1048576K
}
Event: 5,316 GC heap before
{Heap before GC invocations=13 (full 4):
 PSYoungGen      total 202240K, used 154720K [0x00000000eb500000, 0x00000000fe980000, 0x0000000100000000)
  eden space 90624K, 100% used [0x00000000eb500000,0x00000000f0d80000,0x00000000f0d80000)
  from space 111616K, 57% used [0x00000000f7c80000,0x00000000fbb18000,0x00000000fe980000)
  to   space 112640K, 0% used [0x00000000f0d80000,0x00000000f0d80000,0x00000000f7b80000)
 ParOldGen       total 231936K, used 102104K [0x00000000c1e00000, 0x00000000d0080000, 0x00000000eb500000)
  object space 231936K, 44% used [0x00000000c1e00000,0x00000000c81b6120,0x00000000d0080000)
 Metaspace       used 4610K, capacity 5408K, committed 5504K, reserved 1056768K
  class space    used 525K, capacity 566K, committed 640K, reserved 1048576K
Event: 5,722 GC heap after
Heap after GC invocations=13 (full 4):
 PSYoungGen      total 203264K, used 112608K [0x00000000eb500000, 0x0000000100000000, 0x0000000100000000)
  eden space 90624K, 0% used [0x00000000eb500000,0x00000000eb500000,0x00000000f0d80000)
  from space 112640K, 99% used [0x00000000f0d80000,0x00000000f7b78010,0x00000000f7b80000)
  to   space 112640K, 0% used [0x00000000f9200000,0x00000000f9200000,0x0000000100000000)
 ParOldGen       total 231936K, used 144352K [0x00000000c1e00000, 0x00000000d0080000, 0x00000000eb500000)
  object space 231936K, 62% used [0x00000000c1e00000,0x00000000caaf8120,0x00000000d0080000)
 Metaspace       used 4610K, capacity 5408K, committed 5504K, reserved 1056768K
  class space    used 525K, capacity 566K, committed 640K, reserved 1048576K
}
Event: 5,943 GC heap before
{Heap before GC invocations=14 (full 4):
 PSYoungGen      total 203264K, used 203232K [0x00000000eb500000, 0x0000000100000000, 0x0000000100000000)
  eden space 90624K, 100% used [0x00000000eb500000,0x00000000f0d80000,0x00000000f0d80000)
  from space 112640K, 99% used [0x00000000f0d80000,0x00000000f7b78010,0x00000000f7b80000)
  to   space 112640K, 0% used [0x00000000f9200000,0x00000000f9200000,0x0000000100000000)
 ParOldGen       total 231936K, used 144352K [0x00000000c1e00000, 0x00000000d0080000, 0x00000000eb500000)
  object space 231936K, 62% used [0x00000000c1e00000,0x00000000caaf8120,0x00000000d0080000)
 Metaspace       used 4610K, capacity 5408K, committed 5504K, reserved 1056768K
  class space    used 525K, capacity 566K, committed 640K, reserved 1048576K
Event: 7,846 GC heap after
Heap after GC invocations=14 (full 4):
 PSYoungGen      total 226304K, used 112608K [0x00000000eb500000, 0x0000000100000000, 0x0000000100000000)
  eden space 113664K, 0% used [0x00000000eb500000,0x00000000eb500000,0x00000000f2400000)
  from space 112640K, 99% used [0x00000000f9200000,0x00000000ffff8010,0x0000000100000000)
  to   space 112640K, 0% used [0x00000000f2400000,0x00000000f2400000,0x00000000f9200000)
 ParOldGen       total 235520K, used 235344K [0x00000000c1e00000, 0x00000000d0400000, 0x00000000eb500000)
  object space 235520K, 99% used [0x00000000c1e00000,0x00000000d03d4120,0x00000000d0400000)
 Metaspace       used 4610K, capacity 5408K, committed 5504K, reserved 1056768K
  class space    used 525K, capacity 566K, committed 640K, reserved 1048576K
}
Event: 7,846 GC heap before
{Heap before GC invocations=15 (full 5):
 PSYoungGen      total 226304K, used 112608K [0x00000000eb500000, 0x0000000100000000, 0x0000000100000000)
  eden space 113664K, 0% used [0x00000000eb500000,0x00000000eb500000,0x00000000f2400000)
  from space 112640K, 99% used [0x00000000f9200000,0x00000000ffff8010,0x0000000100000000)
  to   space 112640K, 0% used [0x00000000f2400000,0x00000000f2400000,0x00000000f9200000)
 ParOldGen       total 235520K, used 235344K [0x00000000c1e00000, 0x00000000d0400000, 0x00000000eb500000)
  object space 235520K, 99% used [0x00000000c1e00000,0x00000000d03d4120,0x00000000d0400000)
 Metaspace       used 4610K, capacity 5408K, committed 5504K, reserved 1056768K
  class space    used 525K, capacity 566K, committed 640K, reserved 1048576K
Event: 11,466 GC heap after
Heap after GC invocations=15 (full 5):
 PSYoungGen      total 226304K, used 112548K [0x00000000eb500000, 0x0000000100000000, 0x0000000100000000)
  eden space 113664K, 0% used [0x00000000eb500000,0x00000000eb500000,0x00000000f2400000)
  from space 112640K, 99% used [0x00000000f9200000,0x00000000fffe9028,0x0000000100000000)
  to   space 112640K, 0% used [0x00000000f2400000,0x00000000f2400000,0x00000000f9200000)
 ParOldGen       total 398848K, used 234800K [0x00000000c1e00000, 0x00000000da380000, 0x00000000eb500000)
  object space 398848K, 58% used [0x00000000c1e00000,0x00000000d034c3c0,0x00000000da380000)
 Metaspace       used 4610K, capacity 5408K, committed 5504K, reserved 1056768K
  class space    used 525K, capacity 566K, committed 640K, reserved 1048576K
}
Event: 11,549 GC heap before
{Heap before GC invocations=16 (full 5):
 PSYoungGen      total 226304K, used 226212K [0x00000000eb500000, 0x0000000100000000, 0x0000000100000000)
  eden space 113664K, 100% used [0x00000000eb500000,0x00000000f2400000,0x00000000f2400000)
  from space 112640K, 99% used [0x00000000f9200000,0x00000000fffe9028,0x0000000100000000)
  to   space 112640K, 0% used [0x00000000f2400000,0x00000000f2400000,0x00000000f9200000)
 ParOldGen       total 398848K, used 234800K [0x00000000c1e00000, 0x00000000da380000, 0x00000000eb500000)
  object space 398848K, 58% used [0x00000000c1e00000,0x00000000d034c3c0,0x00000000da380000)
 Metaspace       used 4610K, capacity 5408K, committed 5504K, reserved 1056768K
  class space    used 525K, capacity 566K, committed 640K, reserved 1048576K
Event: 12,130 GC heap after
Heap after GC invocations=16 (full 5):
 PSYoungGen      total 226304K, used 112640K [0x00000000eb500000, 0x0000000100000000, 0x0000000100000000)
  eden space 113664K, 0% used [0x00000000eb500000,0x00000000eb500000,0x00000000f2400000)
  from space 112640K, 100% used [0x00000000f2400000,0x00000000f9200000,0x00000000f9200000)
  to   space 112640K, 0% used [0x00000000f9200000,0x00000000f9200000,0x0000000100000000)
 ParOldGen       total 398848K, used 348768K [0x00000000c1e00000, 0x00000000da380000, 0x00000000eb500000)
  object space 398848K, 87% used [0x00000000c1e00000,0x00000000d72983d0,0x00000000da380000)
 Metaspace       used 4610K, capacity 5408K, committed 5504K, reserved 1056768K
  class space    used 525K, capacity 566K, committed 640K, reserved 1048576K
}
Event: 12,137 GC heap before
{Heap before GC invocations=17 (full 6):
 PSYoungGen      total 226304K, used 112640K [0x00000000eb500000, 0x0000000100000000, 0x0000000100000000)
  eden space 113664K, 0% used [0x00000000eb500000,0x00000000eb500000,0x00000000f2400000)
  from space 112640K, 100% used [0x00000000f2400000,0x00000000f9200000,0x00000000f9200000)
  to   space 112640K, 0% used [0x00000000f9200000,0x00000000f9200000,0x0000000100000000)
 ParOldGen       total 398848K, used 348768K [0x00000000c1e00000, 0x00000000da380000, 0x00000000eb500000)
  object space 398848K, 87% used [0x00000000c1e00000,0x00000000d72983d0,0x00000000da380000)
 Metaspace       used 4610K, capacity 5408K, committed 5504K, reserved 1056768K
  class space    used 525K, capacity 566K, committed 640K, reserved 1048576K

Deoptimization events (1 events):
Event: 0,864 Thread 0x00007f2c0800b000 Uncommon trap: reason=unstable_if action=reinterpret pc=0x00007f2bf8797674 method=domain.HashTable.hashCode()I @ 32

Classes redefined (0 events):
No events

Internal exceptions (5 events):
Event: 0,072 Thread 0x00007f2c0800b000 Exception <a 'java/lang/NoSuchMethodError': Method sun.misc.Unsafe.defineClass(Ljava/lang/String;[BII)Ljava/lang/Class; name or signature does not match> (0x00000000eb507cb0) thrown at [/build/openjdk-8-8iINie/openjdk-8-8u181-b13/src/hotspot/src/share/vm/
Event: 0,072 Thread 0x00007f2c0800b000 Exception <a 'java/lang/NoSuchMethodError': Method sun.misc.Unsafe.prefetchRead(Ljava/lang/Object;J)V name or signature does not match> (0x00000000eb507f98) thrown at [/build/openjdk-8-8iINie/openjdk-8-8u181-b13/src/hotspot/src/share/vm/prims/jni.cpp, lin
Event: 0,213 Thread 0x00007f2c0800b000 Exception <a 'java/util/zip/ZipException'> (0x00000000eb56d0c8) thrown at [/build/openjdk-8-8iINie/openjdk-8-8u181-b13/src/hotspot/src/share/vm/prims/jni.cpp, line 709]
Event: 0,213 Thread 0x00007f2c0800b000 Exception <a 'java/security/PrivilegedActionException'> (0x00000000eb56d368) thrown at [/build/openjdk-8-8iINie/openjdk-8-8u181-b13/src/hotspot/src/share/vm/prims/jvm.cpp, line 1435]
Event: 0,213 Thread 0x00007f2c0800b000 Exception <a 'java/security/PrivilegedActionException'> (0x00000000eb56d578) thrown at [/build/openjdk-8-8iINie/openjdk-8-8u181-b13/src/hotspot/src/share/vm/prims/jvm.cpp, line 1435]

Events (10 events):
Event: 3,211 Executing VM operation: ParallelGCFailedAllocation done
Event: 3,328 Executing VM operation: ParallelGCFailedAllocation
Event: 4,545 Executing VM operation: ParallelGCFailedAllocation done
Event: 4,688 Executing VM operation: ParallelGCFailedAllocation
Event: 5,215 Executing VM operation: ParallelGCFailedAllocation done
Event: 5,316 Executing VM operation: ParallelGCFailedAllocation
Event: 5,722 Executing VM operation: ParallelGCFailedAllocation done
Event: 5,941 Executing VM operation: ParallelGCFailedAllocation
Event: 11,466 Executing VM operation: ParallelGCFailedAllocation done
Event: 11,549 Executing VM operation: ParallelGCFailedAllocation


Dynamic libraries:
c1e00000-da380000 rw-p 00000000 00:00 0 
e0680000-eb500000 ---p 00000000 00:00 0 
eb500000-100000000 rw-p 00000000 00:00 0 
100000000-1000a0000 rw-p 00000000 00:00 0 
1000a0000-140000000 ---p 00000000 00:00 0 
55dc7d044000-55dc7d045000 r-xp 00000000 08:01 2118676                    /usr/lib/jvm/java-8-openjdk-amd64/jre/bin/java
55dc7d244000-55dc7d245000 r--p 00000000 08:01 2118676                    /usr/lib/jvm/java-8-openjdk-amd64/jre/bin/java
55dc7d245000-55dc7d246000 rw-p 00001000 08:01 2118676                    /usr/lib/jvm/java-8-openjdk-amd64/jre/bin/java
55dc7e64b000-55dc7e66c000 rw-p 00000000 00:00 0                          [heap]
7f2bb8000000-7f2bb8021000 rw-p 00000000 00:00 0 
7f2bb8021000-7f2bbc000000 ---p 00000000 00:00 0 
7f2bbc000000-7f2bbc021000 rw-p 00000000 00:00 0 
7f2bbc021000-7f2bc0000000 ---p 00000000 00:00 0 
7f2bc0000000-7f2bc002b000 rw-p 00000000 00:00 0 
7f2bc002b000-7f2bc4000000 ---p 00000000 00:00 0 
7f2bc4000000-7f2bc420a000 rw-p 00000000 00:00 0 
7f2bc420a000-7f2bc8000000 ---p 00000000 00:00 0 
7f2bc8000000-7f2bc8021000 rw-p 00000000 00:00 0 
7f2bc8021000-7f2bcc000000 ---p 00000000 00:00 0 
7f2bcc000000-7f2bcc121000 rw-p 00000000 00:00 0 
7f2bcc121000-7f2bd0000000 ---p 00000000 00:00 0 
7f2bd0000000-7f2bd0021000 rw-p 00000000 00:00 0 
7f2bd0021000-7f2bd4000000 ---p 00000000 00:00 0 
7f2bd4000000-7f2bd4021000 rw-p 00000000 00:00 0 
7f2bd4021000-7f2bd8000000 ---p 00000000 00:00 0 
7f2bd8000000-7f2bd8021000 rw-p 00000000 00:00 0 
7f2bd8021000-7f2bdc000000 ---p 00000000 00:00 0 
7f2bdc000000-7f2bdc021000 rw-p 00000000 00:00 0 
7f2bdc021000-7f2be0000000 ---p 00000000 00:00 0 
7f2be0000000-7f2be0021000 rw-p 00000000 00:00 0 
7f2be0021000-7f2be4000000 ---p 00000000 00:00 0 
7f2be8000000-7f2be8021000 rw-p 00000000 00:00 0 
7f2be8021000-7f2bec000000 ---p 00000000 00:00 0 
7f2beec61000-7f2beecf8000 r--s 007cb000 08:01 2490697                    /usr/share/java/openjfx/jre/lib/ext/jfxrt.jar
7f2beecf8000-7f2beecf9000 ---p 00000000 00:00 0 
7f2beecf9000-7f2beedf9000 rw-p 00000000 00:00 0 
7f2beedf9000-7f2beedfc000 ---p 00000000 00:00 0 
7f2beedfc000-7f2beeefa000 rw-p 00000000 00:00 0 
7f2beeefa000-7f2beeefb000 ---p 00000000 00:00 0 
7f2beeefb000-7f2beeefe000 ---p 00000000 00:00 0 
7f2beeefe000-7f2beeffb000 rw-p 00000000 00:00 0 
7f2beeffb000-7f2beeffc000 ---p 00000000 00:00 0 
7f2beeffc000-7f2beefff000 ---p 00000000 00:00 0 
7f2beefff000-7f2bef0fc000 rw-p 00000000 00:00 0 
7f2bef0fc000-7f2bef0fd000 ---p 00000000 00:00 0 
7f2bef0fd000-7f2bef100000 ---p 00000000 00:00 0 
7f2bef100000-7f2bef1fd000 rw-p 00000000 00:00 0 
7f2bef1fd000-7f2bef200000 ---p 00000000 00:00 0 
7f2bef200000-7f2bef2fe000 rw-p 00000000 00:00 0 
7f2bef2fe000-7f2befdfe000 r--p 00000000 08:01 2104005                    /usr/lib/locale/locale-archive
7f2befdfe000-7f2befe01000 ---p 00000000 00:00 0 
7f2befe01000-7f2befeff000 rw-p 00000000 00:00 0 
7f2befeff000-7f2beff02000 ---p 00000000 00:00 0 
7f2beff02000-7f2bf0000000 rw-p 00000000 00:00 0 
7f2bf0000000-7f2bf0021000 rw-p 00000000 00:00 0 
7f2bf0021000-7f2bf4000000 ---p 00000000 00:00 0 
7f2bf405e000-7f2bf405f000 ---p 00000000 00:00 0 
7f2bf405f000-7f2bf506e000 rw-p 00000000 00:00 0 
7f2bf506e000-7f2bf523d000 r--s 03c32000 08:01 2118772                    /usr/lib/jvm/java-8-openjdk-amd64/jre/lib/rt.jar
7f2bf523d000-7f2bf5773000 rw-p 00000000 00:00 0 
7f2bf5773000-7f2bf5ab3000 ---p 00000000 00:00 0 
7f2bf5ab3000-7f2bf7bb4000 rw-p 00000000 00:00 0 
7f2bf7bb4000-7f2bf7bb5000 ---p 00000000 00:00 0 
7f2bf7bb5000-7f2bf7cb5000 rw-p 00000000 00:00 0 
7f2bf7cb5000-7f2bf7cb6000 ---p 00000000 00:00 0 
7f2bf7cb6000-7f2bf7db6000 rw-p 00000000 00:00 0 
7f2bf7db6000-7f2bf7db7000 ---p 00000000 00:00 0 
7f2bf7db7000-7f2bf7f7a000 rw-p 00000000 00:00 0 
7f2bf7f7a000-7f2bf8003000 ---p 00000000 00:00 0 
7f2bf8003000-7f2bf80c6000 rw-p 00000000 00:00 0 
7f2bf80c6000-7f2bf814e000 ---p 00000000 00:00 0 
7f2bf814e000-7f2bf81f4000 rw-p 00000000 00:00 0 
7f2bf81f4000-7f2bf81ff000 rw-p 00000000 00:00 0 
7f2bf81ff000-7f2bf85b5000 ---p 00000000 00:00 0 
7f2bf85b5000-7f2bf8825000 rwxp 00000000 00:00 0 
7f2bf8825000-7f2c075b5000 ---p 00000000 00:00 0 
7f2c075b5000-7f2c075bd000 r-xp 00000000 08:01 2118722                    /usr/lib/jvm/java-8-openjdk-amd64/jre/lib/amd64/libzip.so
7f2c075bd000-7f2c077bc000 ---p 00008000 08:01 2118722                    /usr/lib/jvm/java-8-openjdk-amd64/jre/lib/amd64/libzip.so
7f2c077bc000-7f2c077bd000 r--p 00007000 08:01 2118722                    /usr/lib/jvm/java-8-openjdk-amd64/jre/lib/amd64/libzip.so
7f2c077bd000-7f2c077be000 rw-p 00008000 08:01 2118722                    /usr/lib/jvm/java-8-openjdk-amd64/jre/lib/amd64/libzip.so
7f2c077be000-7f2c077c9000 r-xp 00000000 08:01 1447546                    /lib/x86_64-linux-gnu/libnss_files-2.27.so
7f2c077c9000-7f2c079c8000 ---p 0000b000 08:01 1447546                    /lib/x86_64-linux-gnu/libnss_files-2.27.so
7f2c079c8000-7f2c079c9000 r--p 0000a000 08:01 1447546                    /lib/x86_64-linux-gnu/libnss_files-2.27.so
7f2c079c9000-7f2c079ca000 rw-p 0000b000 08:01 1447546                    /lib/x86_64-linux-gnu/libnss_files-2.27.so
7f2c079ca000-7f2c079d0000 rw-p 00000000 00:00 0 
7f2c079d0000-7f2c079e7000 r-xp 00000000 08:01 1447540                    /lib/x86_64-linux-gnu/libnsl-2.27.so
7f2c079e7000-7f2c07be6000 ---p 00017000 08:01 1447540                    /lib/x86_64-linux-gnu/libnsl-2.27.so
7f2c07be6000-7f2c07be7000 r--p 00016000 08:01 1447540                    /lib/x86_64-linux-gnu/libnsl-2.27.so
7f2c07be7000-7f2c07be8000 rw-p 00017000 08:01 1447540                    /lib/x86_64-linux-gnu/libnsl-2.27.so
7f2c07be8000-7f2c07bea000 rw-p 00000000 00:00 0 
7f2c07bea000-7f2c07bf5000 r-xp 00000000 08:01 1447557                    /lib/x86_64-linux-gnu/libnss_nis-2.27.so
7f2c07bf5000-7f2c07df4000 ---p 0000b000 08:01 1447557                    /lib/x86_64-linux-gnu/libnss_nis-2.27.so
7f2c07df4000-7f2c07df5000 r--p 0000a000 08:01 1447557                    /lib/x86_64-linux-gnu/libnss_nis-2.27.so
7f2c07df5000-7f2c07df6000 rw-p 0000b000 08:01 1447557                    /lib/x86_64-linux-gnu/libnss_nis-2.27.so
7f2c07df6000-7f2c07dfe000 r-xp 00000000 08:01 1447542                    /lib/x86_64-linux-gnu/libnss_compat-2.27.so
7f2c07dfe000-7f2c07ffe000 ---p 00008000 08:01 1447542                    /lib/x86_64-linux-gnu/libnss_compat-2.27.so
7f2c07ffe000-7f2c07fff000 r--p 00008000 08:01 1447542                    /lib/x86_64-linux-gnu/libnss_compat-2.27.so
7f2c07fff000-7f2c08000000 rw-p 00009000 08:01 1447542                    /lib/x86_64-linux-gnu/libnss_compat-2.27.so
7f2c08000000-7f2c08318000 rw-p 00000000 00:00 0 
7f2c08318000-7f2c0c000000 ---p 00000000 00:00 0 
7f2c0c004000-7f2c0c006000 r--s 00007000 08:01 1442564                    /home/jesper/.m2/repository/org/apache/maven/surefire/surefire-junit4/2.10/surefire-junit4-2.10.jar
7f2c0c006000-7f2c0c008000 r--s 00009000 08:01 1706982                    /home/jesper/.m2/repository/org/hamcrest/hamcrest-core/1.3/hamcrest-core-1.3.jar
7f2c0c008000-7f2c0c010000 r--s 00045000 08:01 1706983                    /home/jesper/.m2/repository/junit/junit/4.12/junit-4.12.jar
7f2c0c010000-7f2c0c015000 r--s 00023000 08:01 1442513                    /home/jesper/.m2/repository/org/apache/maven/surefire/surefire-api/2.10/surefire-api-2.10.jar
7f2c0c015000-7f2c0c017000 r--s 00007000 08:01 1442507                    /home/jesper/.m2/repository/org/apache/maven/surefire/surefire-booter/2.10/surefire-booter-2.10.jar
7f2c0c017000-7f2c0c018000 r--s 00000000 08:01 1458426                    /home/jesper/Documents/regex_parser/regex_parser/target/surefire/surefirebooter864540204144842955.jar
7f2c0c018000-7f2c0c01b000 r--s 00038000 08:01 2118751                    /usr/lib/jvm/java-8-openjdk-amd64/jre/lib/ext/sunpkcs11.jar
7f2c0c01b000-7f2c0c01d000 r--s 00007000 08:01 2490659                    /usr/share/java/java-atk-wrapper.jar
7f2c0c01d000-7f2c0c038000 r--s 001d6000 08:01 2118748                    /usr/lib/jvm/java-8-openjdk-amd64/jre/lib/ext/nashorn.jar
7f2c0c038000-7f2c0c039000 ---p 00000000 00:00 0 
7f2c0c039000-7f2c0c139000 rw-p 00000000 00:00 0 
7f2c0c139000-7f2c0c167000 r-xp 00000000 08:01 2118703                    /usr/lib/jvm/java-8-openjdk-amd64/jre/lib/amd64/libjava.so
7f2c0c167000-7f2c0c366000 ---p 0002e000 08:01 2118703                    /usr/lib/jvm/java-8-openjdk-amd64/jre/lib/amd64/libjava.so
7f2c0c366000-7f2c0c367000 r--p 0002d000 08:01 2118703                    /usr/lib/jvm/java-8-openjdk-amd64/jre/lib/amd64/libjava.so
7f2c0c367000-7f2c0c369000 rw-p 0002e000 08:01 2118703                    /usr/lib/jvm/java-8-openjdk-amd64/jre/lib/amd64/libjava.so
7f2c0c369000-7f2c0c379000 r-xp 00000000 08:01 2118721                    /usr/lib/jvm/java-8-openjdk-amd64/jre/lib/amd64/libverify.so
7f2c0c379000-7f2c0c578000 ---p 00010000 08:01 2118721                    /usr/lib/jvm/java-8-openjdk-amd64/jre/lib/amd64/libverify.so
7f2c0c578000-7f2c0c57a000 r--p 0000f000 08:01 2118721                    /usr/lib/jvm/java-8-openjdk-amd64/jre/lib/amd64/libverify.so
7f2c0c57a000-7f2c0c57b000 rw-p 00011000 08:01 2118721                    /usr/lib/jvm/java-8-openjdk-amd64/jre/lib/amd64/libverify.so
7f2c0c57b000-7f2c0c582000 r-xp 00000000 08:01 1447597                    /lib/x86_64-linux-gnu/librt-2.27.so
7f2c0c582000-7f2c0c781000 ---p 00007000 08:01 1447597                    /lib/x86_64-linux-gnu/librt-2.27.so
7f2c0c781000-7f2c0c782000 r--p 00006000 08:01 1447597                    /lib/x86_64-linux-gnu/librt-2.27.so
7f2c0c782000-7f2c0c783000 rw-p 00007000 08:01 1447597                    /lib/x86_64-linux-gnu/librt-2.27.so
7f2c0c783000-7f2c0c79a000 r-xp 00000000 08:01 1444536                    /lib/x86_64-linux-gnu/libgcc_s.so.1
7f2c0c79a000-7f2c0c999000 ---p 00017000 08:01 1444536                    /lib/x86_64-linux-gnu/libgcc_s.so.1
7f2c0c999000-7f2c0c99a000 r--p 00016000 08:01 1444536                    /lib/x86_64-linux-gnu/libgcc_s.so.1
7f2c0c99a000-7f2c0c99b000 rw-p 00017000 08:01 1444536                    /lib/x86_64-linux-gnu/libgcc_s.so.1
7f2c0c99b000-7f2c0cb38000 r-xp 00000000 08:01 1447519                    /lib/x86_64-linux-gnu/libm-2.27.so
7f2c0cb38000-7f2c0cd37000 ---p 0019d000 08:01 1447519                    /lib/x86_64-linux-gnu/libm-2.27.so
7f2c0cd37000-7f2c0cd38000 r--p 0019c000 08:01 1447519                    /lib/x86_64-linux-gnu/libm-2.27.so
7f2c0cd38000-7f2c0cd39000 rw-p 0019d000 08:01 1447519                    /lib/x86_64-linux-gnu/libm-2.27.so
7f2c0cd39000-7f2c0ceb2000 r-xp 00000000 08:01 2099847                    /usr/lib/x86_64-linux-gnu/libstdc++.so.6.0.25
7f2c0ceb2000-7f2c0d0b2000 ---p 00179000 08:01 2099847                    /usr/lib/x86_64-linux-gnu/libstdc++.so.6.0.25
7f2c0d0b2000-7f2c0d0bc000 r--p 00179000 08:01 2099847                    /usr/lib/x86_64-linux-gnu/libstdc++.so.6.0.25
7f2c0d0bc000-7f2c0d0be000 rw-p 00183000 08:01 2099847                    /usr/lib/x86_64-linux-gnu/libstdc++.so.6.0.25
7f2c0d0be000-7f2c0d0c2000 rw-p 00000000 00:00 0 
7f2c0d0c2000-7f2c0dd57000 r-xp 00000000 08:01 2118725                    /usr/lib/jvm/java-8-openjdk-amd64/jre/lib/amd64/server/libjvm.so
7f2c0dd57000-7f2c0df56000 ---p 00c95000 08:01 2118725                    /usr/lib/jvm/java-8-openjdk-amd64/jre/lib/amd64/server/libjvm.so
7f2c0df56000-7f2c0dfea000 r--p 00c94000 08:01 2118725                    /usr/lib/jvm/java-8-openjdk-amd64/jre/lib/amd64/server/libjvm.so
7f2c0dfea000-7f2c0e012000 rw-p 00d28000 08:01 2118725                    /usr/lib/jvm/java-8-openjdk-amd64/jre/lib/amd64/server/libjvm.so
7f2c0e012000-7f2c0e043000 rw-p 00000000 00:00 0 
7f2c0e043000-7f2c0e05d000 r-xp 00000000 08:01 1447589                    /lib/x86_64-linux-gnu/libpthread-2.27.so
7f2c0e05d000-7f2c0e25c000 ---p 0001a000 08:01 1447589                    /lib/x86_64-linux-gnu/libpthread-2.27.so
7f2c0e25c000-7f2c0e25d000 r--p 00019000 08:01 1447589                    /lib/x86_64-linux-gnu/libpthread-2.27.so
7f2c0e25d000-7f2c0e25e000 rw-p 0001a000 08:01 1447589                    /lib/x86_64-linux-gnu/libpthread-2.27.so
7f2c0e25e000-7f2c0e262000 rw-p 00000000 00:00 0 
7f2c0e262000-7f2c0e265000 r-xp 00000000 08:01 1447479                    /lib/x86_64-linux-gnu/libdl-2.27.so
7f2c0e265000-7f2c0e464000 ---p 00003000 08:01 1447479                    /lib/x86_64-linux-gnu/libdl-2.27.so
7f2c0e464000-7f2c0e465000 r--p 00002000 08:01 1447479                    /lib/x86_64-linux-gnu/libdl-2.27.so
7f2c0e465000-7f2c0e466000 rw-p 00003000 08:01 1447479                    /lib/x86_64-linux-gnu/libdl-2.27.so
7f2c0e466000-7f2c0e482000 r-xp 00000000 08:01 1447628                    /lib/x86_64-linux-gnu/libz.so.1.2.11
7f2c0e482000-7f2c0e681000 ---p 0001c000 08:01 1447628                    /lib/x86_64-linux-gnu/libz.so.1.2.11
7f2c0e681000-7f2c0e682000 r--p 0001b000 08:01 1447628                    /lib/x86_64-linux-gnu/libz.so.1.2.11
7f2c0e682000-7f2c0e683000 rw-p 0001c000 08:01 1447628                    /lib/x86_64-linux-gnu/libz.so.1.2.11
7f2c0e683000-7f2c0e86a000 r-xp 00000000 08:01 1447456                    /lib/x86_64-linux-gnu/libc-2.27.so
7f2c0e86a000-7f2c0ea6a000 ---p 001e7000 08:01 1447456                    /lib/x86_64-linux-gnu/libc-2.27.so
7f2c0ea6a000-7f2c0ea6e000 r--p 001e7000 08:01 1447456                    /lib/x86_64-linux-gnu/libc-2.27.so
7f2c0ea6e000-7f2c0ea70000 rw-p 001eb000 08:01 1447456                    /lib/x86_64-linux-gnu/libc-2.27.so
7f2c0ea70000-7f2c0ea74000 rw-p 00000000 00:00 0 
7f2c0ea74000-7f2c0ea82000 r-xp 00000000 08:01 2118689                    /usr/lib/jvm/java-8-openjdk-amd64/jre/lib/amd64/jli/libjli.so
7f2c0ea82000-7f2c0ec81000 ---p 0000e000 08:01 2118689                    /usr/lib/jvm/java-8-openjdk-amd64/jre/lib/amd64/jli/libjli.so
7f2c0ec81000-7f2c0ec82000 r--p 0000d000 08:01 2118689                    /usr/lib/jvm/java-8-openjdk-amd64/jre/lib/amd64/jli/libjli.so
7f2c0ec82000-7f2c0ec83000 rw-p 0000e000 08:01 2118689                    /usr/lib/jvm/java-8-openjdk-amd64/jre/lib/amd64/jli/libjli.so
7f2c0ec83000-7f2c0ecaa000 r-xp 00000000 08:01 1447428                    /lib/x86_64-linux-gnu/ld-2.27.so
7f2c0ecaa000-7f2c0ecad000 r--s 0000f000 08:01 2118745                    /usr/lib/jvm/java-8-openjdk-amd64/jre/lib/ext/icedtea-sound.jar
7f2c0ecad000-7f2c0ecb3000 r--s 0003b000 08:01 2118750                    /usr/lib/jvm/java-8-openjdk-amd64/jre/lib/ext/sunjce_provider.jar
7f2c0ecb3000-7f2c0ecce000 r--s 00394000 08:01 2118743                    /usr/lib/jvm/java-8-openjdk-amd64/jre/lib/ext/cldrdata.jar
7f2c0ecce000-7f2c0ed8b000 rw-p 00000000 00:00 0 
7f2c0ed8b000-7f2c0ed8c000 ---p 00000000 00:00 0 
7f2c0ed8c000-7f2c0ed8f000 ---p 00000000 00:00 0 
7f2c0ed8f000-7f2c0ee8e000 rw-p 00000000 00:00 0 
7f2c0ee8e000-7f2c0ee8f000 r--s 0000a000 08:01 2118746                    /usr/lib/jvm/java-8-openjdk-amd64/jre/lib/ext/jaccess.jar
7f2c0ee8f000-7f2c0ee90000 r--s 00010000 08:01 2118752                    /usr/lib/jvm/java-8-openjdk-amd64/jre/lib/ext/zipfs.jar
7f2c0ee90000-7f2c0ee9a000 r--s 00116000 08:01 2118747                    /usr/lib/jvm/java-8-openjdk-amd64/jre/lib/ext/localedata.jar
7f2c0ee9a000-7f2c0ee9c000 r--s 00001000 08:01 2118744                    /usr/lib/jvm/java-8-openjdk-amd64/jre/lib/ext/dnsns.jar
7f2c0ee9c000-7f2c0ee9e000 r--s 00008000 08:01 2118749                    /usr/lib/jvm/java-8-openjdk-amd64/jre/lib/ext/sunec.jar
7f2c0ee9e000-7f2c0eea6000 rw-s 00000000 08:01 1966472                    /tmp/hsperfdata_jesper/23093
7f2c0eea6000-7f2c0eea7000 rw-p 00000000 00:00 0 
7f2c0eea7000-7f2c0eea8000 ---p 00000000 00:00 0 
7f2c0eea8000-7f2c0eeaa000 rw-p 00000000 00:00 0 
7f2c0eeaa000-7f2c0eeab000 r--p 00027000 08:01 1447428                    /lib/x86_64-linux-gnu/ld-2.27.so
7f2c0eeab000-7f2c0eeac000 rw-p 00028000 08:01 1447428                    /lib/x86_64-linux-gnu/ld-2.27.so
7f2c0eeac000-7f2c0eead000 rw-p 00000000 00:00 0 
7fff7ab5c000-7fff7ab7d000 rw-p 00000000 00:00 0                          [stack]
7fff7abea000-7fff7abed000 r--p 00000000 00:00 0                          [vvar]
7fff7abed000-7fff7abef000 r-xp 00000000 00:00 0                          [vdso]
ffffffffff600000-ffffffffff601000 r-xp 00000000 00:00 0                  [vsyscall]

VM Arguments:
java_command: /home/jesper/Documents/regex_parser/regex_parser/target/surefire/surefirebooter864540204144842955.jar /home/jesper/Documents/regex_parser/regex_parser/target/surefire/surefire4805592220905576256tmp /home/jesper/Documents/regex_parser/regex_parser/target/surefire/surefire6177255620193101774tmp
java_class_path (initial): /home/jesper/Documents/regex_parser/regex_parser/target/surefire/surefirebooter864540204144842955.jar
Launcher Type: SUN_STANDARD

Environment Variables:
JAVA_HOME=/usr/lib/jvm/java-8-openjdk-amd64
PATH=/usr/local/sbin:/usr/local/bin:/usr/sbin:/usr/bin:/sbin:/bin:/usr/games:/usr/local/games:/snap/bin
USERNAME=jesper
LD_LIBRARY_PATH=/usr/lib/jvm/java-8-openjdk-amd64/bin/../jre/lib/amd64:/usr/lib/jvm/java-8-openjdk-amd64/bin/../jre/lib/i386:
SHELL=/bin/bash
DISPLAY=:0

Signal Handlers:
SIGSEGV: [libjvm.so+0xaaf3a0], sa_mask[0]=11111111011111111101111111111110, sa_flags=SA_RESTART|SA_SIGINFO
SIGBUS: [libjvm.so+0xaaf3a0], sa_mask[0]=11111111011111111101111111111110, sa_flags=SA_RESTART|SA_SIGINFO
SIGFPE: [libjvm.so+0x8e52e0], sa_mask[0]=11111111011111111101111111111110, sa_flags=SA_RESTART|SA_SIGINFO
SIGPIPE: [libjvm.so+0x8e52e0], sa_mask[0]=11111111011111111101111111111110, sa_flags=SA_RESTART|SA_SIGINFO
SIGXFSZ: [libjvm.so+0x8e52e0], sa_mask[0]=11111111011111111101111111111110, sa_flags=SA_RESTART|SA_SIGINFO
SIGILL: [libjvm.so+0x8e52e0], sa_mask[0]=11111111011111111101111111111110, sa_flags=SA_RESTART|SA_SIGINFO
SIGUSR1: SIG_DFL, sa_mask[0]=00000000000000000000000000000000, sa_flags=none
SIGUSR2: [libjvm.so+0x8e5190], sa_mask[0]=00100000000000000000000000000000, sa_flags=SA_RESTART|SA_SIGINFO
SIGHUP: [libjvm.so+0x8e5640], sa_mask[0]=11111111011111111101111111111110, sa_flags=SA_RESTART|SA_SIGINFO
SIGINT: SIG_IGN, sa_mask[0]=00000000000000000000000000000000, sa_flags=none
SIGTERM: [libjvm.so+0x8e5640], sa_mask[0]=11111111011111111101111111111110, sa_flags=SA_RESTART|SA_SIGINFO
SIGQUIT: [libjvm.so+0x8e5640], sa_mask[0]=11111111011111111101111111111110, sa_flags=SA_RESTART|SA_SIGINFO


---------------  S Y S T E M  ---------------

OS:DISTRIB_ID=Ubuntu
DISTRIB_RELEASE=18.04
DISTRIB_CODENAME=bionic
DISTRIB_DESCRIPTION="Ubuntu 18.04.1 LTS"

uname:Linux 4.15.0-34-generic #37-Ubuntu SMP Mon Aug 27 15:21:48 UTC 2018 x86_64
libc:glibc 2.27 NPTL 2.27 
rlimit: STACK 8192k, CORE 0k, NPROC 15661, NOFILE 1048576, AS infinity
load average:5,07 2,73 1,49

/proc/meminfo:
MemTotal:        4069912 kB
MemFree:          104532 kB
MemAvailable:      16988 kB
Buffers:            1716 kB
Cached:            59436 kB
SwapCached:         9092 kB
Active:          3105384 kB
Inactive:         634044 kB
Active(anon):    3097116 kB
Inactive(anon):   619120 kB
Active(file):       8268 kB
Inactive(file):    14924 kB
Unevictable:         932 kB
Mlocked:             932 kB
SwapTotal:       2097148 kB
SwapFree:              0 kB
Dirty:                52 kB
Writeback:             0 kB
AnonPages:       3670532 kB
Mapped:            56076 kB
Shmem:             37880 kB
Slab:              88180 kB
SReclaimable:      39036 kB
SUnreclaim:        49144 kB
KernelStack:       13440 kB
PageTables:        65232 kB
NFS_Unstable:          0 kB
Bounce:                0 kB
WritebackTmp:          0 kB
CommitLimit:     4132104 kB
Committed_AS:   13783396 kB
VmallocTotal:   34359738367 kB
VmallocUsed:           0 kB
VmallocChunk:          0 kB
HardwareCorrupted:     0 kB
AnonHugePages:         0 kB
ShmemHugePages:        0 kB
ShmemPmdMapped:        0 kB
CmaTotal:              0 kB
CmaFree:               0 kB
HugePages_Total:       0
HugePages_Free:        0
HugePages_Rsvd:        0
HugePages_Surp:        0
Hugepagesize:       2048 kB
DirectMap4k:      210880 kB
DirectMap2M:     4016128 kB


CPU:total 4 (initial active 4) (4 cores per cpu, 1 threads per core) family 6 model 142 stepping 10, cmov, cx8, fxsr, mmx, sse, sse2, sse3, ssse3, sse4.1, sse4.2, popcnt, avx, avx2, aes, clmul, 3dnowpref, lzcnt, tsc, tscinvbit

/proc/cpuinfo:
processor	: 0
vendor_id	: GenuineIntel
cpu family	: 6
model		: 142
model name	: Intel(R) Core(TM) i5-8250U CPU @ 1.60GHz
stepping	: 10
cpu MHz		: 1800.004
cache size	: 6144 KB
physical id	: 0
siblings	: 4
core id		: 0
cpu cores	: 4
apicid		: 0
initial apicid	: 0
fpu		: yes
fpu_exception	: yes
cpuid level	: 22
wp		: yes
flags		: fpu vme de pse tsc msr pae mce cx8 apic sep mtrr pge mca cmov pat pse36 clflush mmx fxsr sse sse2 ht syscall nx rdtscp lm constant_tsc rep_good nopl xtopology nonstop_tsc cpuid pni pclmulqdq ssse3 cx16 pcid sse4_1 sse4_2 x2apic movbe popcnt aes xsave avx rdrand hypervisor lahf_lm abm 3dnowprefetch invpcid_single pti fsgsbase avx2 invpcid rdseed clflushopt
bugs		: cpu_meltdown spectre_v1 spectre_v2 spec_store_bypass l1tf
bogomips	: 3600.00
clflush size	: 64
cache_alignment	: 64
address sizes	: 39 bits physical, 48 bits virtual
power management:

processor	: 1
vendor_id	: GenuineIntel
cpu family	: 6
model		: 142
model name	: Intel(R) Core(TM) i5-8250U CPU @ 1.60GHz
stepping	: 10
cpu MHz		: 1800.004
cache size	: 6144 KB
physical id	: 0
siblings	: 4
core id		: 1
cpu cores	: 4
apicid		: 1
initial apicid	: 1
fpu		: yes
fpu_exception	: yes
cpuid level	: 22
wp		: yes
flags		: fpu vme de pse tsc msr pae mce cx8 apic sep mtrr pge mca cmov pat pse36 clflush mmx fxsr sse sse2 ht syscall nx rdtscp lm constant_tsc rep_good nopl xtopology nonstop_tsc cpuid pni pclmulqdq ssse3 cx16 pcid sse4_1 sse4_2 x2apic movbe popcnt aes xsave avx rdrand hypervisor lahf_lm abm 3dnowprefetch invpcid_single pti fsgsbase avx2 invpcid rdseed clflushopt
bugs		: cpu_meltdown spectre_v1 spectre_v2 spec_store_bypass l1tf
bogomips	: 3600.00
clflush size	: 64
cache_alignment	: 64
address sizes	: 39 bits physical, 48 bits virtual
power management:

processor	: 2
vendor_id	: GenuineIntel
cpu family	: 6
model		: 142
model name	: Intel(R) Core(TM) i5-8250U CPU @ 1.60GHz
stepping	: 10
cpu MHz		: 1800.004
cache size	: 6144 KB
physical id	: 0
siblings	: 4
core id		: 2
cpu cores	: 4
apicid		: 2
initial apicid	: 2
fpu		: yes
fpu_exception	: yes
cpuid level	: 22
wp		: yes
flags		: fpu vme de pse tsc msr pae mce cx8 apic sep mtrr pge mca cmov pat pse36 clflush mmx fxsr sse sse2 ht syscall nx rdtscp lm constant_tsc rep_good nopl xtopology nonstop_tsc cpuid pni pclmulqdq ssse3 cx16 pcid sse4_1 sse4_2 x2apic movbe popcnt aes xsave avx rdrand hypervisor lahf_lm abm 3dnowprefetch invpcid_single pti fsgsbase avx2 invpcid rdseed clflushopt
bugs		: cpu_meltdown spectre_v1 spectre_v2 spec_store_bypass l1tf
bogomips	: 3600.00
clflush size	: 64
cache_alignment	: 64
address sizes	: 39 bits physical, 48 bits virtual
power management:

processor	: 3
vendor_id	: GenuineIntel
cpu family	: 6
model		: 142
model name	: Intel(R) Core(TM) i5-8250U CPU @ 1.60GHz
stepping	: 10
cpu MHz		: 1800.004
cache size	: 6144 KB
physical id	: 0
siblings	: 4
core id		: 3
cpu cores	: 4
apicid		: 3
initial apicid	: 3
fpu		: yes
fpu_exception	: yes
cpuid level	: 22
wp		: yes
flags		: fpu vme de pse tsc msr pae mce cx8 apic sep mtrr pge mca cmov pat pse36 clflush mmx fxsr sse sse2 ht syscall nx rdtscp lm constant_tsc rep_good nopl xtopology nonstop_tsc cpuid pni pclmulqdq ssse3 cx16 pcid sse4_1 sse4_2 x2apic movbe popcnt aes xsave avx rdrand hypervisor lahf_lm abm 3dnowprefetch invpcid_single pti fsgsbase avx2 invpcid rdseed clflushopt
bugs		: cpu_meltdown spectre_v1 spectre_v2 spec_store_bypass l1tf
bogomips	: 3600.00
clflush size	: 64
cache_alignment	: 64
address sizes	: 39 bits physical, 48 bits virtual
power management:



Memory: 4k page, physical 4069912k(104532k free), swap 2097148k(0k free)

vm_info: OpenJDK 64-Bit Server VM (25.181-b13) for linux-amd64 JRE (1.8.0_181-8u181-b13-0ubuntu0.18.04.1-b13), built on Jul 23 2018 19:14:48 by "buildd" with gcc 7.3.0

time: Tue Oct  2 23:17:59 2018
elapsed time: 14 seconds (0d 0h 0m 14s)

